<?xml version="1.0" encoding="UTF-8"?>
<testsuite hostname="" id="0" errors="0" failures="38" name="Jest" package=".Users.rafaelpraxedes.Liferay.sources.liferay-portal.modules.dxp.apps.portal-workflow.portal-workflow-metrics-web" skipped="0" tests="262" time="0" timestamp="1581108712684">
  <testcase classname=".Users.rafaelpraxedes.Liferay.sources.liferay-portal.modules.dxp.apps.portal-workflow.portal-workflow-metrics-web.test.components.process-metrics.workload-by-step-card" name="The WorkloadByStepCard component should Load table component with request data and navigation links" time="0.013">
    <failure message="Error: Unable to find an element by: [data-testid=&quot;workloadByStepTable&quot;]">Error: Unable to find an element by: [data-testid=&quot;workloadByStepTable&quot;]

&lt;body&gt;
  &lt;div /&gt;
&lt;/body&gt;
    at getElementError (/Users/rafaelpraxedes/Liferay/sources/liferay-portal/modules/node_modules/@testing-library/dom/dist/query-helpers.js:46:10)
    at /Users/rafaelpraxedes/Liferay/sources/liferay-portal/modules/node_modules/@testing-library/dom/dist/query-helpers.js:100:13
    at /Users/rafaelpraxedes/Liferay/sources/liferay-portal/modules/node_modules/@testing-library/dom/dist/query-helpers.js:83:17
    at Object.getByTestId (/Users/rafaelpraxedes/Liferay/sources/liferay-portal/modules/dxp/apps/portal-workflow/portal-workflow-metrics-web/test/components/process-metrics/workload-by-step-card/WorkloadByStepCard.es.js:59:31)
    at Object.asyncJestTest (/Users/rafaelpraxedes/Liferay/sources/liferay-portal/modules/node_modules/jest-jasmine2/build/jasmineAsyncInstall.js:102:37)
    at /Users/rafaelpraxedes/Liferay/sources/liferay-portal/modules/node_modules/jest-jasmine2/build/queueRunner.js:43:12
    at new Promise (&lt;anonymous&gt;)
    at mapper (/Users/rafaelpraxedes/Liferay/sources/liferay-portal/modules/node_modules/jest-jasmine2/build/queueRunner.js:26:19)
    at /Users/rafaelpraxedes/Liferay/sources/liferay-portal/modules/node_modules/jest-jasmine2/build/queueRunner.js:73:41
    at processTicksAndRejections (internal/process/task_queues.js:93:5)</failure>
  </testcase>
  <testcase classname=".Users.rafaelpraxedes.Liferay.sources.liferay-portal.modules.dxp.apps.portal-workflow.portal-workflow-metrics-web.test.components.process-metrics.workload-by-step-card" name="When request fails the WorkloadByStepCard component should Show error view when request fails" time="0.007">
  </testcase>
  <testcase classname=".Users.rafaelpraxedes.Liferay.sources.liferay-portal.modules.dxp.apps.portal-workflow.portal-workflow-metrics-web.test.components.process-metrics.workload-by-step-card" name="When request is pending the WorkloadByStepCard component should Show loading view" time="0.003">
  </testcase>
  <testcase classname=".Users.rafaelpraxedes.Liferay.sources.liferay-portal.modules.dxp.apps.portal-workflow.portal-workflow-metrics-web.test.components.process-metrics.workload-by-step-card" name="When request returns do data the WorkloadByStepCard component should Show empty view" time="0.001">
  </testcase>
  <testcase classname=".Users.rafaelpraxedes.Liferay.sources.liferay-portal.modules.dxp.apps.portal-workflow.portal-workflow-metrics-web.test.components.process-metrics.performance-by-step-card" name="The performance by step card component should Be rendered with results Be rendered with time range filter" time="0.01">
    <failure message="Error: Unable to find an element by: [data-testid=&quot;timeRangeFilter&quot;]">Error: Unable to find an element by: [data-testid=&quot;timeRangeFilter&quot;]

&lt;body&gt;
  &lt;div /&gt;
&lt;/body&gt;
    at getElementError (/Users/rafaelpraxedes/Liferay/sources/liferay-portal/modules/node_modules/@testing-library/dom/dist/query-helpers.js:46:10)
    at /Users/rafaelpraxedes/Liferay/sources/liferay-portal/modules/node_modules/@testing-library/dom/dist/query-helpers.js:100:13
    at /Users/rafaelpraxedes/Liferay/sources/liferay-portal/modules/node_modules/@testing-library/dom/dist/query-helpers.js:83:17
    at Object.getByTestId (/Users/rafaelpraxedes/Liferay/sources/liferay-portal/modules/dxp/apps/portal-workflow/portal-workflow-metrics-web/test/components/process-metrics/performance-by-step-card/PerformanceByStepCard.es.js:97:28)
    at Object.asyncJestTest (/Users/rafaelpraxedes/Liferay/sources/liferay-portal/modules/node_modules/jest-jasmine2/build/jasmineAsyncInstall.js:102:37)
    at /Users/rafaelpraxedes/Liferay/sources/liferay-portal/modules/node_modules/jest-jasmine2/build/queueRunner.js:43:12
    at new Promise (&lt;anonymous&gt;)
    at mapper (/Users/rafaelpraxedes/Liferay/sources/liferay-portal/modules/node_modules/jest-jasmine2/build/queueRunner.js:26:19)
    at /Users/rafaelpraxedes/Liferay/sources/liferay-portal/modules/node_modules/jest-jasmine2/build/queueRunner.js:73:41
    at processTicksAndRejections (internal/process/task_queues.js:93:5)</failure>
  </testcase>
  <testcase classname=".Users.rafaelpraxedes.Liferay.sources.liferay-portal.modules.dxp.apps.portal-workflow.portal-workflow-metrics-web.test.components.process-metrics.performance-by-step-card" name="The performance by step card component should Be rendered with results Be rendered with &quot;View All Steps&quot; button and total &quot;(3)&quot;" time="0.001">
    <failure message="Error: Unable to find an element by: [data-testid=&quot;viewAllSteps&quot;]">Error: Unable to find an element by: [data-testid=&quot;viewAllSteps&quot;]

&lt;body&gt;
  &lt;div /&gt;
&lt;/body&gt;
    at getElementError (/Users/rafaelpraxedes/Liferay/sources/liferay-portal/modules/node_modules/@testing-library/dom/dist/query-helpers.js:46:10)
    at /Users/rafaelpraxedes/Liferay/sources/liferay-portal/modules/node_modules/@testing-library/dom/dist/query-helpers.js:100:13
    at /Users/rafaelpraxedes/Liferay/sources/liferay-portal/modules/node_modules/@testing-library/dom/dist/query-helpers.js:83:17
    at Object.getByTestId (/Users/rafaelpraxedes/Liferay/sources/liferay-portal/modules/dxp/apps/portal-workflow/portal-workflow-metrics-web/test/components/process-metrics/performance-by-step-card/PerformanceByStepCard.es.js:114:25)
    at Object.asyncJestTest (/Users/rafaelpraxedes/Liferay/sources/liferay-portal/modules/node_modules/jest-jasmine2/build/jasmineAsyncInstall.js:102:37)
    at /Users/rafaelpraxedes/Liferay/sources/liferay-portal/modules/node_modules/jest-jasmine2/build/queueRunner.js:43:12
    at new Promise (&lt;anonymous&gt;)
    at mapper (/Users/rafaelpraxedes/Liferay/sources/liferay-portal/modules/node_modules/jest-jasmine2/build/queueRunner.js:26:19)
    at /Users/rafaelpraxedes/Liferay/sources/liferay-portal/modules/node_modules/jest-jasmine2/build/queueRunner.js:73:41
    at processTicksAndRejections (internal/process/task_queues.js:93:5)</failure>
  </testcase>
  <testcase classname=".Users.rafaelpraxedes.Liferay.sources.liferay-portal.modules.dxp.apps.portal-workflow.portal-workflow-metrics-web.test.components.process-metrics.performance-by-step-card" name="The performance by step card component should Be rendered without results Be rendered with empty state view" time="0.028">
  </testcase>
  <testcase classname=".Users.rafaelpraxedes.Liferay.sources.liferay-portal.modules.dxp.apps.portal-workflow.portal-workflow-metrics-web.test.components.performance-by-assignee-page" name="The performance by assignee page body should Be rendered with assignees names" time="0.073">
    <failure message="Error: Unable to find an element by: [data-testid=&quot;assigneeName&quot;]">Error: Unable to find an element by: [data-testid=&quot;assigneeName&quot;]

&lt;body&gt;
  &lt;div /&gt;
&lt;/body&gt;
    at getElementError (/Users/rafaelpraxedes/Liferay/sources/liferay-portal/modules/node_modules/@testing-library/dom/dist/query-helpers.js:46:10)
    at /Users/rafaelpraxedes/Liferay/sources/liferay-portal/modules/node_modules/@testing-library/dom/dist/query-helpers.js:100:13
    at Object.getAllByTestId (/Users/rafaelpraxedes/Liferay/sources/liferay-portal/modules/dxp/apps/portal-workflow/portal-workflow-metrics-web/test/components/performance-by-assignee-page/PerformanceByAssigneePageBody.es.js:66:25)
    at Object.asyncJestTest (/Users/rafaelpraxedes/Liferay/sources/liferay-portal/modules/node_modules/jest-jasmine2/build/jasmineAsyncInstall.js:102:37)
    at /Users/rafaelpraxedes/Liferay/sources/liferay-portal/modules/node_modules/jest-jasmine2/build/queueRunner.js:43:12
    at new Promise (&lt;anonymous&gt;)
    at mapper (/Users/rafaelpraxedes/Liferay/sources/liferay-portal/modules/node_modules/jest-jasmine2/build/queueRunner.js:26:19)
    at /Users/rafaelpraxedes/Liferay/sources/liferay-portal/modules/node_modules/jest-jasmine2/build/queueRunner.js:73:41
    at processTicksAndRejections (internal/process/task_queues.js:93:5)</failure>
  </testcase>
  <testcase classname=".Users.rafaelpraxedes.Liferay.sources.liferay-portal.modules.dxp.apps.portal-workflow.portal-workflow-metrics-web.test.components.performance-by-assignee-page" name="The subcomponents from workload by assignee page body should Be rendered with empty view and no content message" time="0.005">
  </testcase>
  <testcase classname=".Users.rafaelpraxedes.Liferay.sources.liferay-portal.modules.dxp.apps.portal-workflow.portal-workflow-metrics-web.test.components.performance-by-assignee-page" name="The subcomponents from workload by assignee page body should Be rendered with empty view and no results message" time="0.002">
  </testcase>
  <testcase classname=".Users.rafaelpraxedes.Liferay.sources.liferay-portal.modules.dxp.apps.portal-workflow.portal-workflow-metrics-web.test.components.performance-by-assignee-page" name="The subcomponents from workload by assignee page body should Be rendered with error view and the expected message" time="0.004">
  </testcase>
  <testcase classname=".Users.rafaelpraxedes.Liferay.sources.liferay-portal.modules.dxp.apps.portal-workflow.portal-workflow-metrics-web.test.components.performance-by-assignee-page" name="The subcomponents from workload by assignee page body should Be rendered with loading view" time="0.002">
  </testcase>
  <testcase classname=".Users.rafaelpraxedes.Liferay.sources.liferay-portal.modules.dxp.apps.portal-workflow.portal-workflow-metrics-web.test.components.instance-list-page" name="The instance list item should Be rendered with &quot;User 1&quot;, &quot;Jan 01, 2019, 12:00 AM&quot;, and &quot;Review, Update&quot; columns" time="0.198">
    <failure message="Error: expect(received).toBe(expected) // Object.is equality">Error: expect(received).toBe(expected) // Object.is equality

Expected: &quot;User 1&quot;
Received: &quot;&quot;
    at Object.toBe (/Users/rafaelpraxedes/Liferay/sources/liferay-portal/modules/dxp/apps/portal-workflow/portal-workflow-metrics-web/test/components/instance-list-page/InstanceListPageItem.es.js:66:37)
    at Object.asyncJestTest (/Users/rafaelpraxedes/Liferay/sources/liferay-portal/modules/node_modules/jest-jasmine2/build/jasmineAsyncInstall.js:102:37)
    at /Users/rafaelpraxedes/Liferay/sources/liferay-portal/modules/node_modules/jest-jasmine2/build/queueRunner.js:43:12
    at new Promise (&lt;anonymous&gt;)
    at mapper (/Users/rafaelpraxedes/Liferay/sources/liferay-portal/modules/node_modules/jest-jasmine2/build/queueRunner.js:26:19)
    at /Users/rafaelpraxedes/Liferay/sources/liferay-portal/modules/node_modules/jest-jasmine2/build/queueRunner.js:73:41
    at processTicksAndRejections (internal/process/task_queues.js:93:5)</failure>
  </testcase>
  <testcase classname=".Users.rafaelpraxedes.Liferay.sources.liferay-portal.modules.dxp.apps.portal-workflow.portal-workflow-metrics-web.test.components.instance-list-page" name="The instance list item should Be rendered with check icon when the slaStatus is &quot;OnTime&quot;" time="0.067">
  </testcase>
  <testcase classname=".Users.rafaelpraxedes.Liferay.sources.liferay-portal.modules.dxp.apps.portal-workflow.portal-workflow-metrics-web.test.components.instance-list-page" name="The instance list item should Be rendered with exclamation icon when the slaStatus is &quot;Overdue&quot;" time="0.043">
  </testcase>
  <testcase classname=".Users.rafaelpraxedes.Liferay.sources.liferay-portal.modules.dxp.apps.portal-workflow.portal-workflow-metrics-web.test.components.instance-list-page" name="The instance list item should Be rendered with hr icon when the slaStatus is &quot;Untracked&quot;" time="0.036">
  </testcase>
  <testcase classname=".Users.rafaelpraxedes.Liferay.sources.liferay-portal.modules.dxp.apps.portal-workflow.portal-workflow-metrics-web.test.components.instance-list-page" name="The instance list item should Call setInstanceId with &quot;1&quot; as instance id param" time="0.039">
  </testcase>
  <testcase classname=".Users.rafaelpraxedes.Liferay.sources.liferay-portal.modules.dxp.apps.portal-workflow.portal-workflow-metrics-web.test.components.instance-list-page" name="The InstanceListPageItem quick action menu should set modal visualization by clicking the reassign task button" time="0.034">
  </testcase>
  <testcase classname=".Users.rafaelpraxedes.Liferay.sources.liferay-portal.modules.dxp.apps.portal-workflow.portal-workflow-metrics-web.test.components.instance-list-page" name="The InstanceListPageItem instance checkbox component should Set checkbox value by clicking it" time="0.088">
  </testcase>
  <testcase classname=".Users.rafaelpraxedes.Liferay.sources.liferay-portal.modules.dxp.apps.portal-workflow.portal-workflow-metrics-web.test.components.process-metrics.performance-by-assignee-card" name="The performance by assignee card component should Be rendered with results Be rendered with &quot;View All Assignees&quot; button and total &quot;(3)&quot;" time="0.138">
    <failure message="Error: Unable to find an element by: [data-testid=&quot;viewAllAssignees&quot;]">Error: Unable to find an element by: [data-testid=&quot;viewAllAssignees&quot;]

&lt;body&gt;
  &lt;div /&gt;
&lt;/body&gt;
    at getElementError (/Users/rafaelpraxedes/Liferay/sources/liferay-portal/modules/node_modules/@testing-library/dom/dist/query-helpers.js:46:10)
    at /Users/rafaelpraxedes/Liferay/sources/liferay-portal/modules/node_modules/@testing-library/dom/dist/query-helpers.js:100:13
    at /Users/rafaelpraxedes/Liferay/sources/liferay-portal/modules/node_modules/@testing-library/dom/dist/query-helpers.js:83:17
    at Object.getByTestId (/Users/rafaelpraxedes/Liferay/sources/liferay-portal/modules/dxp/apps/portal-workflow/portal-workflow-metrics-web/test/components/process-metrics/performance-by-assignee-card/PerformanceByAssigneeCard.es.js:120:29)
    at Object.asyncJestTest (/Users/rafaelpraxedes/Liferay/sources/liferay-portal/modules/node_modules/jest-jasmine2/build/jasmineAsyncInstall.js:102:37)
    at /Users/rafaelpraxedes/Liferay/sources/liferay-portal/modules/node_modules/jest-jasmine2/build/queueRunner.js:43:12
    at new Promise (&lt;anonymous&gt;)
    at mapper (/Users/rafaelpraxedes/Liferay/sources/liferay-portal/modules/node_modules/jest-jasmine2/build/queueRunner.js:26:19)
    at /Users/rafaelpraxedes/Liferay/sources/liferay-portal/modules/node_modules/jest-jasmine2/build/queueRunner.js:73:41
    at processTicksAndRejections (internal/process/task_queues.js:93:5)</failure>
  </testcase>
  <testcase classname=".Users.rafaelpraxedes.Liferay.sources.liferay-portal.modules.dxp.apps.portal-workflow.portal-workflow-metrics-web.test.components.process-metrics.performance-by-assignee-card" name="The performance by assignee card component should Be rendered with results Be rendered with process step filter" time="0.045">
    <failure message="Error: Unable to find an element by: [data-testid=&quot;processStepFilter&quot;]">Error: Unable to find an element by: [data-testid=&quot;processStepFilter&quot;]

&lt;body&gt;
  &lt;div /&gt;
&lt;/body&gt;
    at getElementError (/Users/rafaelpraxedes/Liferay/sources/liferay-portal/modules/node_modules/@testing-library/dom/dist/query-helpers.js:46:10)
    at /Users/rafaelpraxedes/Liferay/sources/liferay-portal/modules/node_modules/@testing-library/dom/dist/query-helpers.js:100:13
    at /Users/rafaelpraxedes/Liferay/sources/liferay-portal/modules/node_modules/@testing-library/dom/dist/query-helpers.js:83:17
    at Object.getByTestId (/Users/rafaelpraxedes/Liferay/sources/liferay-portal/modules/dxp/apps/portal-workflow/portal-workflow-metrics-web/test/components/process-metrics/performance-by-assignee-card/PerformanceByAssigneeCard.es.js:131:30)
    at Object.asyncJestTest (/Users/rafaelpraxedes/Liferay/sources/liferay-portal/modules/node_modules/jest-jasmine2/build/jasmineAsyncInstall.js:102:37)
    at /Users/rafaelpraxedes/Liferay/sources/liferay-portal/modules/node_modules/jest-jasmine2/build/queueRunner.js:43:12
    at new Promise (&lt;anonymous&gt;)
    at mapper (/Users/rafaelpraxedes/Liferay/sources/liferay-portal/modules/node_modules/jest-jasmine2/build/queueRunner.js:26:19)
    at /Users/rafaelpraxedes/Liferay/sources/liferay-portal/modules/node_modules/jest-jasmine2/build/queueRunner.js:73:41
    at processTicksAndRejections (internal/process/task_queues.js:93:5)</failure>
  </testcase>
  <testcase classname=".Users.rafaelpraxedes.Liferay.sources.liferay-portal.modules.dxp.apps.portal-workflow.portal-workflow-metrics-web.test.components.process-metrics.performance-by-assignee-card" name="The performance by assignee card component should Be rendered with results Be rendered with time range filter" time="0.052">
    <failure message="Error: Unable to find an element by: [data-testid=&quot;timeRangeFilter&quot;]">Error: Unable to find an element by: [data-testid=&quot;timeRangeFilter&quot;]

&lt;body&gt;
  &lt;div /&gt;
&lt;/body&gt;
    at getElementError (/Users/rafaelpraxedes/Liferay/sources/liferay-portal/modules/node_modules/@testing-library/dom/dist/query-helpers.js:46:10)
    at /Users/rafaelpraxedes/Liferay/sources/liferay-portal/modules/node_modules/@testing-library/dom/dist/query-helpers.js:100:13
    at /Users/rafaelpraxedes/Liferay/sources/liferay-portal/modules/node_modules/@testing-library/dom/dist/query-helpers.js:83:17
    at Object.getByTestId (/Users/rafaelpraxedes/Liferay/sources/liferay-portal/modules/dxp/apps/portal-workflow/portal-workflow-metrics-web/test/components/process-metrics/performance-by-assignee-card/PerformanceByAssigneeCard.es.js:150:28)
    at Object.asyncJestTest (/Users/rafaelpraxedes/Liferay/sources/liferay-portal/modules/node_modules/jest-jasmine2/build/jasmineAsyncInstall.js:102:37)
    at /Users/rafaelpraxedes/Liferay/sources/liferay-portal/modules/node_modules/jest-jasmine2/build/queueRunner.js:43:12
    at new Promise (&lt;anonymous&gt;)
    at mapper (/Users/rafaelpraxedes/Liferay/sources/liferay-portal/modules/node_modules/jest-jasmine2/build/queueRunner.js:26:19)
    at /Users/rafaelpraxedes/Liferay/sources/liferay-portal/modules/node_modules/jest-jasmine2/build/queueRunner.js:73:41
    at processTicksAndRejections (internal/process/task_queues.js:93:5)</failure>
  </testcase>
  <testcase classname=".Users.rafaelpraxedes.Liferay.sources.liferay-portal.modules.dxp.apps.portal-workflow.portal-workflow-metrics-web.test.components.process-metrics.performance-by-assignee-card" name="The performance by assignee card component should Be rendered without results Be rendered with empty state view" time="0.003">
  </testcase>
  <testcase classname=".Users.rafaelpraxedes.Liferay.sources.liferay-portal.modules.dxp.apps.portal-workflow.portal-workflow-metrics-web.test.components.process-metrics.workload-by-assignee-card" name="The workload by assignee table should Be rendered with &quot;User 1&quot; and &quot;User 2&quot; names when the tab is Total" time="0.011">
    <failure message="TypeError: Cannot read property &apos;id&apos; of undefined">TypeError: Cannot read property &apos;id&apos; of undefined
    at id (/Users/rafaelpraxedes/Liferay/sources/liferay-portal/modules/dxp/apps/portal-workflow/portal-workflow-metrics-web/src/main/resources/META-INF/resources/js/components/process-metrics/workload-by-assignee-card/WorkloadByAssigneeCardTable.es.js:22:13)
    at renderWithHooks (/Users/rafaelpraxedes/Liferay/sources/liferay-portal/modules/node_modules/react-dom/cjs/react-dom.development.js:16260:18)
    at mountIndeterminateComponent (/Users/rafaelpraxedes/Liferay/sources/liferay-portal/modules/node_modules/react-dom/cjs/react-dom.development.js:18794:13)
    at beginWork$1 (/Users/rafaelpraxedes/Liferay/sources/liferay-portal/modules/node_modules/react-dom/cjs/react-dom.development.js:20162:16)
    at HTMLUnknownElement.callCallback (/Users/rafaelpraxedes/Liferay/sources/liferay-portal/modules/node_modules/react-dom/cjs/react-dom.development.js:336:14)
    at invokeEventListeners (/Users/rafaelpraxedes/Liferay/sources/liferay-portal/modules/node_modules/jsdom/lib/jsdom/living/events/EventTarget-impl.js:193:27)
    at HTMLUnknownElementImpl._dispatch (/Users/rafaelpraxedes/Liferay/sources/liferay-portal/modules/node_modules/jsdom/lib/jsdom/living/events/EventTarget-impl.js:119:9)
    at HTMLUnknownElementImpl.dispatchEvent (/Users/rafaelpraxedes/Liferay/sources/liferay-portal/modules/node_modules/jsdom/lib/jsdom/living/events/EventTarget-impl.js:82:17)
    at HTMLUnknownElementImpl.dispatchEvent (/Users/rafaelpraxedes/Liferay/sources/liferay-portal/modules/node_modules/jsdom/lib/jsdom/living/nodes/HTMLElement-impl.js:30:27)
    at HTMLUnknownElement.dispatchEvent (/Users/rafaelpraxedes/Liferay/sources/liferay-portal/modules/node_modules/jsdom/lib/jsdom/living/generated/EventTarget.js:157:21)
    at Object.invokeGuardedCallbackDev (/Users/rafaelpraxedes/Liferay/sources/liferay-portal/modules/node_modules/react-dom/cjs/react-dom.development.js:385:16)
    at invokeGuardedCallback (/Users/rafaelpraxedes/Liferay/sources/liferay-portal/modules/node_modules/react-dom/cjs/react-dom.development.js:440:31)
    at beginWork$$1 (/Users/rafaelpraxedes/Liferay/sources/liferay-portal/modules/node_modules/react-dom/cjs/react-dom.development.js:25780:7)
    at performUnitOfWork (/Users/rafaelpraxedes/Liferay/sources/liferay-portal/modules/node_modules/react-dom/cjs/react-dom.development.js:24698:12)
    at workLoopSync (/Users/rafaelpraxedes/Liferay/sources/liferay-portal/modules/node_modules/react-dom/cjs/react-dom.development.js:24671:22)
    at performSyncWorkOnRoot (/Users/rafaelpraxedes/Liferay/sources/liferay-portal/modules/node_modules/react-dom/cjs/react-dom.development.js:24270:11)
    at scheduleUpdateOnFiber (/Users/rafaelpraxedes/Liferay/sources/liferay-portal/modules/node_modules/react-dom/cjs/react-dom.development.js:23698:7)
    at updateContainer (/Users/rafaelpraxedes/Liferay/sources/liferay-portal/modules/node_modules/react-dom/cjs/react-dom.development.js:27103:3)
    at /Users/rafaelpraxedes/Liferay/sources/liferay-portal/modules/node_modules/react-dom/cjs/react-dom.development.js:27528:7
    at unbatchedUpdates (/Users/rafaelpraxedes/Liferay/sources/liferay-portal/modules/node_modules/react-dom/cjs/react-dom.development.js:24433:12)
    at legacyRenderSubtreeIntoContainer (/Users/rafaelpraxedes/Liferay/sources/liferay-portal/modules/node_modules/react-dom/cjs/react-dom.development.js:27527:5)
    at Object.render (/Users/rafaelpraxedes/Liferay/sources/liferay-portal/modules/node_modules/react-dom/cjs/react-dom.development.js:27608:10)
    at /Users/rafaelpraxedes/Liferay/sources/liferay-portal/modules/node_modules/@testing-library/react/dist/index.js:86:25
    at batchedUpdates$1 (/Users/rafaelpraxedes/Liferay/sources/liferay-portal/modules/node_modules/react-dom/cjs/react-dom.development.js:24386:12)
    at act (/Users/rafaelpraxedes/Liferay/sources/liferay-portal/modules/node_modules/react-dom/cjs/react-dom-test-utils.development.js:1092:14)
    at render (/Users/rafaelpraxedes/Liferay/sources/liferay-portal/modules/node_modules/@testing-library/react/dist/index.js:82:26)
    at Object.&lt;anonymous&gt; (/Users/rafaelpraxedes/Liferay/sources/liferay-portal/modules/dxp/apps/portal-workflow/portal-workflow-metrics-web/test/components/process-metrics/workload-by-assignee-card/WorkloadByAssigneeCardTable.es.js:37:28)
    at Object.asyncJestTest (/Users/rafaelpraxedes/Liferay/sources/liferay-portal/modules/node_modules/jest-jasmine2/build/jasmineAsyncInstall.js:102:37)
    at /Users/rafaelpraxedes/Liferay/sources/liferay-portal/modules/node_modules/jest-jasmine2/build/queueRunner.js:43:12
    at new Promise (&lt;anonymous&gt;)
    at mapper (/Users/rafaelpraxedes/Liferay/sources/liferay-portal/modules/node_modules/jest-jasmine2/build/queueRunner.js:26:19)
    at /Users/rafaelpraxedes/Liferay/sources/liferay-portal/modules/node_modules/jest-jasmine2/build/queueRunner.js:73:41
    at processTicksAndRejections (internal/process/task_queues.js:93:5)</failure>
  </testcase>
  <testcase classname=".Users.rafaelpraxedes.Liferay.sources.liferay-portal.modules.dxp.apps.portal-workflow.portal-workflow-metrics-web.test.components.process-metrics.workload-by-assignee-card" name="The workload by assignee table should Be rendered with &quot;15&quot; and &quot;10&quot; values when the tab is Total" time="0.005">
    <failure message="TypeError: Cannot read property &apos;id&apos; of undefined">TypeError: Cannot read property &apos;id&apos; of undefined
    at id (/Users/rafaelpraxedes/Liferay/sources/liferay-portal/modules/dxp/apps/portal-workflow/portal-workflow-metrics-web/src/main/resources/META-INF/resources/js/components/process-metrics/workload-by-assignee-card/WorkloadByAssigneeCardTable.es.js:22:13)
    at renderWithHooks (/Users/rafaelpraxedes/Liferay/sources/liferay-portal/modules/node_modules/react-dom/cjs/react-dom.development.js:16260:18)
    at mountIndeterminateComponent (/Users/rafaelpraxedes/Liferay/sources/liferay-portal/modules/node_modules/react-dom/cjs/react-dom.development.js:18794:13)
    at beginWork$1 (/Users/rafaelpraxedes/Liferay/sources/liferay-portal/modules/node_modules/react-dom/cjs/react-dom.development.js:20162:16)
    at HTMLUnknownElement.callCallback (/Users/rafaelpraxedes/Liferay/sources/liferay-portal/modules/node_modules/react-dom/cjs/react-dom.development.js:336:14)
    at invokeEventListeners (/Users/rafaelpraxedes/Liferay/sources/liferay-portal/modules/node_modules/jsdom/lib/jsdom/living/events/EventTarget-impl.js:193:27)
    at HTMLUnknownElementImpl._dispatch (/Users/rafaelpraxedes/Liferay/sources/liferay-portal/modules/node_modules/jsdom/lib/jsdom/living/events/EventTarget-impl.js:119:9)
    at HTMLUnknownElementImpl.dispatchEvent (/Users/rafaelpraxedes/Liferay/sources/liferay-portal/modules/node_modules/jsdom/lib/jsdom/living/events/EventTarget-impl.js:82:17)
    at HTMLUnknownElementImpl.dispatchEvent (/Users/rafaelpraxedes/Liferay/sources/liferay-portal/modules/node_modules/jsdom/lib/jsdom/living/nodes/HTMLElement-impl.js:30:27)
    at HTMLUnknownElement.dispatchEvent (/Users/rafaelpraxedes/Liferay/sources/liferay-portal/modules/node_modules/jsdom/lib/jsdom/living/generated/EventTarget.js:157:21)
    at Object.invokeGuardedCallbackDev (/Users/rafaelpraxedes/Liferay/sources/liferay-portal/modules/node_modules/react-dom/cjs/react-dom.development.js:385:16)
    at invokeGuardedCallback (/Users/rafaelpraxedes/Liferay/sources/liferay-portal/modules/node_modules/react-dom/cjs/react-dom.development.js:440:31)
    at beginWork$$1 (/Users/rafaelpraxedes/Liferay/sources/liferay-portal/modules/node_modules/react-dom/cjs/react-dom.development.js:25780:7)
    at performUnitOfWork (/Users/rafaelpraxedes/Liferay/sources/liferay-portal/modules/node_modules/react-dom/cjs/react-dom.development.js:24698:12)
    at workLoopSync (/Users/rafaelpraxedes/Liferay/sources/liferay-portal/modules/node_modules/react-dom/cjs/react-dom.development.js:24671:22)
    at performSyncWorkOnRoot (/Users/rafaelpraxedes/Liferay/sources/liferay-portal/modules/node_modules/react-dom/cjs/react-dom.development.js:24270:11)
    at scheduleUpdateOnFiber (/Users/rafaelpraxedes/Liferay/sources/liferay-portal/modules/node_modules/react-dom/cjs/react-dom.development.js:23698:7)
    at updateContainer (/Users/rafaelpraxedes/Liferay/sources/liferay-portal/modules/node_modules/react-dom/cjs/react-dom.development.js:27103:3)
    at /Users/rafaelpraxedes/Liferay/sources/liferay-portal/modules/node_modules/react-dom/cjs/react-dom.development.js:27528:7
    at unbatchedUpdates (/Users/rafaelpraxedes/Liferay/sources/liferay-portal/modules/node_modules/react-dom/cjs/react-dom.development.js:24433:12)
    at legacyRenderSubtreeIntoContainer (/Users/rafaelpraxedes/Liferay/sources/liferay-portal/modules/node_modules/react-dom/cjs/react-dom.development.js:27527:5)
    at Object.render (/Users/rafaelpraxedes/Liferay/sources/liferay-portal/modules/node_modules/react-dom/cjs/react-dom.development.js:27608:10)
    at /Users/rafaelpraxedes/Liferay/sources/liferay-portal/modules/node_modules/@testing-library/react/dist/index.js:86:25
    at batchedUpdates$1 (/Users/rafaelpraxedes/Liferay/sources/liferay-portal/modules/node_modules/react-dom/cjs/react-dom.development.js:24386:12)
    at act (/Users/rafaelpraxedes/Liferay/sources/liferay-portal/modules/node_modules/react-dom/cjs/react-dom-test-utils.development.js:1092:14)
    at render (/Users/rafaelpraxedes/Liferay/sources/liferay-portal/modules/node_modules/@testing-library/react/dist/index.js:82:26)
    at Object.&lt;anonymous&gt; (/Users/rafaelpraxedes/Liferay/sources/liferay-portal/modules/dxp/apps/portal-workflow/portal-workflow-metrics-web/test/components/process-metrics/workload-by-assignee-card/WorkloadByAssigneeCardTable.es.js:52:28)
    at Object.asyncJestTest (/Users/rafaelpraxedes/Liferay/sources/liferay-portal/modules/node_modules/jest-jasmine2/build/jasmineAsyncInstall.js:102:37)
    at /Users/rafaelpraxedes/Liferay/sources/liferay-portal/modules/node_modules/jest-jasmine2/build/queueRunner.js:43:12
    at new Promise (&lt;anonymous&gt;)
    at mapper (/Users/rafaelpraxedes/Liferay/sources/liferay-portal/modules/node_modules/jest-jasmine2/build/queueRunner.js:26:19)
    at /Users/rafaelpraxedes/Liferay/sources/liferay-portal/modules/node_modules/jest-jasmine2/build/queueRunner.js:73:41
    at processTicksAndRejections (internal/process/task_queues.js:93:5)</failure>
  </testcase>
  <testcase classname=".Users.rafaelpraxedes.Liferay.sources.liferay-portal.modules.dxp.apps.portal-workflow.portal-workflow-metrics-web.test.components.process-metrics.workload-by-assignee-card" name="The workload by assignee table should Be rendered with &quot;10 / 66.67%&quot; and &quot;3 / 30%&quot; values when the tab is On Time" time="0.004">
    <failure message="TypeError: Cannot read property &apos;id&apos; of undefined">TypeError: Cannot read property &apos;id&apos; of undefined
    at id (/Users/rafaelpraxedes/Liferay/sources/liferay-portal/modules/dxp/apps/portal-workflow/portal-workflow-metrics-web/src/main/resources/META-INF/resources/js/components/process-metrics/workload-by-assignee-card/WorkloadByAssigneeCardTable.es.js:22:13)
    at renderWithHooks (/Users/rafaelpraxedes/Liferay/sources/liferay-portal/modules/node_modules/react-dom/cjs/react-dom.development.js:16260:18)
    at mountIndeterminateComponent (/Users/rafaelpraxedes/Liferay/sources/liferay-portal/modules/node_modules/react-dom/cjs/react-dom.development.js:18794:13)
    at beginWork$1 (/Users/rafaelpraxedes/Liferay/sources/liferay-portal/modules/node_modules/react-dom/cjs/react-dom.development.js:20162:16)
    at HTMLUnknownElement.callCallback (/Users/rafaelpraxedes/Liferay/sources/liferay-portal/modules/node_modules/react-dom/cjs/react-dom.development.js:336:14)
    at invokeEventListeners (/Users/rafaelpraxedes/Liferay/sources/liferay-portal/modules/node_modules/jsdom/lib/jsdom/living/events/EventTarget-impl.js:193:27)
    at HTMLUnknownElementImpl._dispatch (/Users/rafaelpraxedes/Liferay/sources/liferay-portal/modules/node_modules/jsdom/lib/jsdom/living/events/EventTarget-impl.js:119:9)
    at HTMLUnknownElementImpl.dispatchEvent (/Users/rafaelpraxedes/Liferay/sources/liferay-portal/modules/node_modules/jsdom/lib/jsdom/living/events/EventTarget-impl.js:82:17)
    at HTMLUnknownElementImpl.dispatchEvent (/Users/rafaelpraxedes/Liferay/sources/liferay-portal/modules/node_modules/jsdom/lib/jsdom/living/nodes/HTMLElement-impl.js:30:27)
    at HTMLUnknownElement.dispatchEvent (/Users/rafaelpraxedes/Liferay/sources/liferay-portal/modules/node_modules/jsdom/lib/jsdom/living/generated/EventTarget.js:157:21)
    at Object.invokeGuardedCallbackDev (/Users/rafaelpraxedes/Liferay/sources/liferay-portal/modules/node_modules/react-dom/cjs/react-dom.development.js:385:16)
    at invokeGuardedCallback (/Users/rafaelpraxedes/Liferay/sources/liferay-portal/modules/node_modules/react-dom/cjs/react-dom.development.js:440:31)
    at beginWork$$1 (/Users/rafaelpraxedes/Liferay/sources/liferay-portal/modules/node_modules/react-dom/cjs/react-dom.development.js:25780:7)
    at performUnitOfWork (/Users/rafaelpraxedes/Liferay/sources/liferay-portal/modules/node_modules/react-dom/cjs/react-dom.development.js:24698:12)
    at workLoopSync (/Users/rafaelpraxedes/Liferay/sources/liferay-portal/modules/node_modules/react-dom/cjs/react-dom.development.js:24671:22)
    at performSyncWorkOnRoot (/Users/rafaelpraxedes/Liferay/sources/liferay-portal/modules/node_modules/react-dom/cjs/react-dom.development.js:24270:11)
    at scheduleUpdateOnFiber (/Users/rafaelpraxedes/Liferay/sources/liferay-portal/modules/node_modules/react-dom/cjs/react-dom.development.js:23698:7)
    at updateContainer (/Users/rafaelpraxedes/Liferay/sources/liferay-portal/modules/node_modules/react-dom/cjs/react-dom.development.js:27103:3)
    at /Users/rafaelpraxedes/Liferay/sources/liferay-portal/modules/node_modules/react-dom/cjs/react-dom.development.js:27528:7
    at unbatchedUpdates (/Users/rafaelpraxedes/Liferay/sources/liferay-portal/modules/node_modules/react-dom/cjs/react-dom.development.js:24433:12)
    at legacyRenderSubtreeIntoContainer (/Users/rafaelpraxedes/Liferay/sources/liferay-portal/modules/node_modules/react-dom/cjs/react-dom.development.js:27527:5)
    at Object.render (/Users/rafaelpraxedes/Liferay/sources/liferay-portal/modules/node_modules/react-dom/cjs/react-dom.development.js:27608:10)
    at /Users/rafaelpraxedes/Liferay/sources/liferay-portal/modules/node_modules/@testing-library/react/dist/index.js:86:25
    at batchedUpdates$1 (/Users/rafaelpraxedes/Liferay/sources/liferay-portal/modules/node_modules/react-dom/cjs/react-dom.development.js:24386:12)
    at act (/Users/rafaelpraxedes/Liferay/sources/liferay-portal/modules/node_modules/react-dom/cjs/react-dom-test-utils.development.js:1092:14)
    at render (/Users/rafaelpraxedes/Liferay/sources/liferay-portal/modules/node_modules/@testing-library/react/dist/index.js:82:26)
    at Object.&lt;anonymous&gt; (/Users/rafaelpraxedes/Liferay/sources/liferay-portal/modules/dxp/apps/portal-workflow/portal-workflow-metrics-web/test/components/process-metrics/workload-by-assignee-card/WorkloadByAssigneeCardTable.es.js:68:28)
    at Object.asyncJestTest (/Users/rafaelpraxedes/Liferay/sources/liferay-portal/modules/node_modules/jest-jasmine2/build/jasmineAsyncInstall.js:102:37)
    at /Users/rafaelpraxedes/Liferay/sources/liferay-portal/modules/node_modules/jest-jasmine2/build/queueRunner.js:43:12
    at new Promise (&lt;anonymous&gt;)
    at mapper (/Users/rafaelpraxedes/Liferay/sources/liferay-portal/modules/node_modules/jest-jasmine2/build/queueRunner.js:26:19)
    at /Users/rafaelpraxedes/Liferay/sources/liferay-portal/modules/node_modules/jest-jasmine2/build/queueRunner.js:73:41
    at processTicksAndRejections (internal/process/task_queues.js:93:5)</failure>
  </testcase>
  <testcase classname=".Users.rafaelpraxedes.Liferay.sources.liferay-portal.modules.dxp.apps.portal-workflow.portal-workflow-metrics-web.test.components.process-metrics.workload-by-assignee-card" name="The workload by assignee table should Be rendered with &quot;5 / 33.33%&quot; and &quot;7 / 70%&quot; values when the tab is Overdue" time="0.003">
    <failure message="TypeError: Cannot read property &apos;id&apos; of undefined">TypeError: Cannot read property &apos;id&apos; of undefined
    at id (/Users/rafaelpraxedes/Liferay/sources/liferay-portal/modules/dxp/apps/portal-workflow/portal-workflow-metrics-web/src/main/resources/META-INF/resources/js/components/process-metrics/workload-by-assignee-card/WorkloadByAssigneeCardTable.es.js:22:13)
    at renderWithHooks (/Users/rafaelpraxedes/Liferay/sources/liferay-portal/modules/node_modules/react-dom/cjs/react-dom.development.js:16260:18)
    at mountIndeterminateComponent (/Users/rafaelpraxedes/Liferay/sources/liferay-portal/modules/node_modules/react-dom/cjs/react-dom.development.js:18794:13)
    at beginWork$1 (/Users/rafaelpraxedes/Liferay/sources/liferay-portal/modules/node_modules/react-dom/cjs/react-dom.development.js:20162:16)
    at HTMLUnknownElement.callCallback (/Users/rafaelpraxedes/Liferay/sources/liferay-portal/modules/node_modules/react-dom/cjs/react-dom.development.js:336:14)
    at invokeEventListeners (/Users/rafaelpraxedes/Liferay/sources/liferay-portal/modules/node_modules/jsdom/lib/jsdom/living/events/EventTarget-impl.js:193:27)
    at HTMLUnknownElementImpl._dispatch (/Users/rafaelpraxedes/Liferay/sources/liferay-portal/modules/node_modules/jsdom/lib/jsdom/living/events/EventTarget-impl.js:119:9)
    at HTMLUnknownElementImpl.dispatchEvent (/Users/rafaelpraxedes/Liferay/sources/liferay-portal/modules/node_modules/jsdom/lib/jsdom/living/events/EventTarget-impl.js:82:17)
    at HTMLUnknownElementImpl.dispatchEvent (/Users/rafaelpraxedes/Liferay/sources/liferay-portal/modules/node_modules/jsdom/lib/jsdom/living/nodes/HTMLElement-impl.js:30:27)
    at HTMLUnknownElement.dispatchEvent (/Users/rafaelpraxedes/Liferay/sources/liferay-portal/modules/node_modules/jsdom/lib/jsdom/living/generated/EventTarget.js:157:21)
    at Object.invokeGuardedCallbackDev (/Users/rafaelpraxedes/Liferay/sources/liferay-portal/modules/node_modules/react-dom/cjs/react-dom.development.js:385:16)
    at invokeGuardedCallback (/Users/rafaelpraxedes/Liferay/sources/liferay-portal/modules/node_modules/react-dom/cjs/react-dom.development.js:440:31)
    at beginWork$$1 (/Users/rafaelpraxedes/Liferay/sources/liferay-portal/modules/node_modules/react-dom/cjs/react-dom.development.js:25780:7)
    at performUnitOfWork (/Users/rafaelpraxedes/Liferay/sources/liferay-portal/modules/node_modules/react-dom/cjs/react-dom.development.js:24698:12)
    at workLoopSync (/Users/rafaelpraxedes/Liferay/sources/liferay-portal/modules/node_modules/react-dom/cjs/react-dom.development.js:24671:22)
    at performSyncWorkOnRoot (/Users/rafaelpraxedes/Liferay/sources/liferay-portal/modules/node_modules/react-dom/cjs/react-dom.development.js:24270:11)
    at scheduleUpdateOnFiber (/Users/rafaelpraxedes/Liferay/sources/liferay-portal/modules/node_modules/react-dom/cjs/react-dom.development.js:23698:7)
    at updateContainer (/Users/rafaelpraxedes/Liferay/sources/liferay-portal/modules/node_modules/react-dom/cjs/react-dom.development.js:27103:3)
    at /Users/rafaelpraxedes/Liferay/sources/liferay-portal/modules/node_modules/react-dom/cjs/react-dom.development.js:27528:7
    at unbatchedUpdates (/Users/rafaelpraxedes/Liferay/sources/liferay-portal/modules/node_modules/react-dom/cjs/react-dom.development.js:24433:12)
    at legacyRenderSubtreeIntoContainer (/Users/rafaelpraxedes/Liferay/sources/liferay-portal/modules/node_modules/react-dom/cjs/react-dom.development.js:27527:5)
    at Object.render (/Users/rafaelpraxedes/Liferay/sources/liferay-portal/modules/node_modules/react-dom/cjs/react-dom.development.js:27608:10)
    at /Users/rafaelpraxedes/Liferay/sources/liferay-portal/modules/node_modules/@testing-library/react/dist/index.js:86:25
    at batchedUpdates$1 (/Users/rafaelpraxedes/Liferay/sources/liferay-portal/modules/node_modules/react-dom/cjs/react-dom.development.js:24386:12)
    at act (/Users/rafaelpraxedes/Liferay/sources/liferay-portal/modules/node_modules/react-dom/cjs/react-dom-test-utils.development.js:1092:14)
    at render (/Users/rafaelpraxedes/Liferay/sources/liferay-portal/modules/node_modules/@testing-library/react/dist/index.js:82:26)
    at Object.&lt;anonymous&gt; (/Users/rafaelpraxedes/Liferay/sources/liferay-portal/modules/dxp/apps/portal-workflow/portal-workflow-metrics-web/test/components/process-metrics/workload-by-assignee-card/WorkloadByAssigneeCardTable.es.js:86:28)
    at Object.asyncJestTest (/Users/rafaelpraxedes/Liferay/sources/liferay-portal/modules/node_modules/jest-jasmine2/build/jasmineAsyncInstall.js:102:37)
    at /Users/rafaelpraxedes/Liferay/sources/liferay-portal/modules/node_modules/jest-jasmine2/build/queueRunner.js:43:12
    at new Promise (&lt;anonymous&gt;)
    at mapper (/Users/rafaelpraxedes/Liferay/sources/liferay-portal/modules/node_modules/jest-jasmine2/build/queueRunner.js:26:19)
    at /Users/rafaelpraxedes/Liferay/sources/liferay-portal/modules/node_modules/jest-jasmine2/build/queueRunner.js:73:41
    at processTicksAndRejections (internal/process/task_queues.js:93:5)</failure>
  </testcase>
  <testcase classname=".Users.rafaelpraxedes.Liferay.sources.liferay-portal.modules.dxp.apps.portal-workflow.portal-workflow-metrics-web.test.components.process-metrics.workload-by-assignee-card" name="The workload by assignee table should Be rendered with no rows when items list is empty" time="0.007">
  </testcase>
  <testcase classname=".Users.rafaelpraxedes.Liferay.sources.liferay-portal.modules.dxp.apps.portal-workflow.portal-workflow-metrics-web.test.components.performance-by-assignee-page" name="The PerformanceByAssigneePage component having data should Be rendered with user avatar or lexicon user icon" time="0.002">
    <failure message="Error: Unable to find an element by: [data-testid=&quot;assigneeProfileInfo&quot;]">Error: Unable to find an element by: [data-testid=&quot;assigneeProfileInfo&quot;]

&lt;body&gt;
  &lt;div /&gt;
&lt;/body&gt;
    at getElementError (/Users/rafaelpraxedes/Liferay/sources/liferay-portal/modules/node_modules/@testing-library/dom/dist/query-helpers.js:46:10)
    at /Users/rafaelpraxedes/Liferay/sources/liferay-portal/modules/node_modules/@testing-library/dom/dist/query-helpers.js:100:13
    at Object.getAllByTestId (/Users/rafaelpraxedes/Liferay/sources/liferay-portal/modules/dxp/apps/portal-workflow/portal-workflow-metrics-web/test/components/performance-by-assignee-page/PerformanceByAssigneePage.es.js:88:31)
    at Object.asyncJestTest (/Users/rafaelpraxedes/Liferay/sources/liferay-portal/modules/node_modules/jest-jasmine2/build/jasmineAsyncInstall.js:102:37)
    at /Users/rafaelpraxedes/Liferay/sources/liferay-portal/modules/node_modules/jest-jasmine2/build/queueRunner.js:43:12
    at new Promise (&lt;anonymous&gt;)
    at mapper (/Users/rafaelpraxedes/Liferay/sources/liferay-portal/modules/node_modules/jest-jasmine2/build/queueRunner.js:26:19)
    at /Users/rafaelpraxedes/Liferay/sources/liferay-portal/modules/node_modules/jest-jasmine2/build/queueRunner.js:73:41
    at processTicksAndRejections (internal/process/task_queues.js:93:5)</failure>
  </testcase>
  <testcase classname=".Users.rafaelpraxedes.Liferay.sources.liferay-portal.modules.dxp.apps.portal-workflow.portal-workflow-metrics-web.test.components.performance-by-assignee-page" name="The PerformanceByAssigneePage component having data should Be rendered with assignee names" time="0.001">
    <failure message="Error: Unable to find an element by: [data-testid=&quot;assigneeName&quot;]">Error: Unable to find an element by: [data-testid=&quot;assigneeName&quot;]

&lt;body&gt;
  &lt;div /&gt;
&lt;/body&gt;
    at getElementError (/Users/rafaelpraxedes/Liferay/sources/liferay-portal/modules/node_modules/@testing-library/dom/dist/query-helpers.js:46:10)
    at /Users/rafaelpraxedes/Liferay/sources/liferay-portal/modules/node_modules/@testing-library/dom/dist/query-helpers.js:100:13
    at Object.getAllByTestId (/Users/rafaelpraxedes/Liferay/sources/liferay-portal/modules/dxp/apps/portal-workflow/portal-workflow-metrics-web/test/components/performance-by-assignee-page/PerformanceByAssigneePage.es.js:102:24)
    at Object.asyncJestTest (/Users/rafaelpraxedes/Liferay/sources/liferay-portal/modules/node_modules/jest-jasmine2/build/jasmineAsyncInstall.js:102:37)
    at /Users/rafaelpraxedes/Liferay/sources/liferay-portal/modules/node_modules/jest-jasmine2/build/queueRunner.js:43:12
    at new Promise (&lt;anonymous&gt;)
    at mapper (/Users/rafaelpraxedes/Liferay/sources/liferay-portal/modules/node_modules/jest-jasmine2/build/queueRunner.js:26:19)
    at /Users/rafaelpraxedes/Liferay/sources/liferay-portal/modules/node_modules/jest-jasmine2/build/queueRunner.js:73:41
    at processTicksAndRejections (internal/process/task_queues.js:93:5)</failure>
  </testcase>
  <testcase classname=".Users.rafaelpraxedes.Liferay.sources.liferay-portal.modules.dxp.apps.portal-workflow.portal-workflow-metrics-web.test.components.performance-by-assignee-page" name="The PerformanceByAssigneePage component having data should Be rendered with average completion time" time="0.001">
    <failure message="Error: Unable to find an element by: [data-testid=&quot;durationTaskAvg&quot;]">Error: Unable to find an element by: [data-testid=&quot;durationTaskAvg&quot;]

&lt;body&gt;
  &lt;div /&gt;
&lt;/body&gt;
    at getElementError (/Users/rafaelpraxedes/Liferay/sources/liferay-portal/modules/node_modules/@testing-library/dom/dist/query-helpers.js:46:10)
    at /Users/rafaelpraxedes/Liferay/sources/liferay-portal/modules/node_modules/@testing-library/dom/dist/query-helpers.js:100:13
    at Object.getAllByTestId (/Users/rafaelpraxedes/Liferay/sources/liferay-portal/modules/dxp/apps/portal-workflow/portal-workflow-metrics-web/test/components/performance-by-assignee-page/PerformanceByAssigneePage.es.js:110:21)
    at Object.asyncJestTest (/Users/rafaelpraxedes/Liferay/sources/liferay-portal/modules/node_modules/jest-jasmine2/build/jasmineAsyncInstall.js:102:37)
    at /Users/rafaelpraxedes/Liferay/sources/liferay-portal/modules/node_modules/jest-jasmine2/build/queueRunner.js:43:12
    at new Promise (&lt;anonymous&gt;)
    at mapper (/Users/rafaelpraxedes/Liferay/sources/liferay-portal/modules/node_modules/jest-jasmine2/build/queueRunner.js:26:19)
    at /Users/rafaelpraxedes/Liferay/sources/liferay-portal/modules/node_modules/jest-jasmine2/build/queueRunner.js:73:41
    at processTicksAndRejections (internal/process/task_queues.js:93:5)</failure>
  </testcase>
  <testcase classname=".Users.rafaelpraxedes.Liferay.sources.liferay-portal.modules.dxp.apps.portal-workflow.portal-workflow-metrics-web.test.components" name="The App component should Render the process list page" time="0.005">
    <failure message="Error: Unable to find an element by: [data-testid=&quot;processName&quot;]">Error: Unable to find an element by: [data-testid=&quot;processName&quot;]

&lt;body&gt;
  &lt;div /&gt;
&lt;/body&gt;
    at getElementError (/Users/rafaelpraxedes/Liferay/sources/liferay-portal/modules/node_modules/@testing-library/dom/dist/query-helpers.js:46:10)
    at /Users/rafaelpraxedes/Liferay/sources/liferay-portal/modules/node_modules/@testing-library/dom/dist/query-helpers.js:100:13
    at Object.getAllByTestId (/Users/rafaelpraxedes/Liferay/sources/liferay-portal/modules/dxp/apps/portal-workflow/portal-workflow-metrics-web/test/components/App.es.js:73:23)
    at Object.asyncJestTest (/Users/rafaelpraxedes/Liferay/sources/liferay-portal/modules/node_modules/jest-jasmine2/build/jasmineAsyncInstall.js:102:37)
    at /Users/rafaelpraxedes/Liferay/sources/liferay-portal/modules/node_modules/jest-jasmine2/build/queueRunner.js:43:12
    at new Promise (&lt;anonymous&gt;)
    at mapper (/Users/rafaelpraxedes/Liferay/sources/liferay-portal/modules/node_modules/jest-jasmine2/build/queueRunner.js:26:19)
    at /Users/rafaelpraxedes/Liferay/sources/liferay-portal/modules/node_modules/jest-jasmine2/build/queueRunner.js:73:41
    at processTicksAndRejections (internal/process/task_queues.js:93:5)</failure>
  </testcase>
  <testcase classname=".Users.rafaelpraxedes.Liferay.sources.liferay-portal.modules.dxp.apps.portal-workflow.portal-workflow-metrics-web.test.components" name="The App component should Render the process metrics page on dashboard tab" time="0.002">
    <failure message="Error: expect(received).toHaveTextContent()">Error: expect(received).toHaveTextContent()

received value must be an HTMLElement or an SVGElement.
Received has value: undefined
    at Object.throwingMatcher [as toHaveTextContent] (/Users/rafaelpraxedes/Liferay/sources/liferay-portal/modules/node_modules/expect/build/index.js:336:33)
    at Object.toHaveTextContent (/Users/rafaelpraxedes/Liferay/sources/liferay-portal/modules/dxp/apps/portal-workflow/portal-workflow-metrics-web/test/components/App.es.js:84:19)
    at Object.asyncJestTest (/Users/rafaelpraxedes/Liferay/sources/liferay-portal/modules/node_modules/jest-jasmine2/build/jasmineAsyncInstall.js:102:37)
    at /Users/rafaelpraxedes/Liferay/sources/liferay-portal/modules/node_modules/jest-jasmine2/build/queueRunner.js:43:12
    at new Promise (&lt;anonymous&gt;)
    at mapper (/Users/rafaelpraxedes/Liferay/sources/liferay-portal/modules/node_modules/jest-jasmine2/build/queueRunner.js:26:19)
    at /Users/rafaelpraxedes/Liferay/sources/liferay-portal/modules/node_modules/jest-jasmine2/build/queueRunner.js:73:41
    at processTicksAndRejections (internal/process/task_queues.js:93:5)</failure>
  </testcase>
  <testcase classname=".Users.rafaelpraxedes.Liferay.sources.liferay-portal.modules.dxp.apps.portal-workflow.portal-workflow-metrics-web.test.components" name="The App component should Render the process metrics page on performance tab" time="0.001">
    <failure message="Error: expect(received).toHaveTextContent()">Error: expect(received).toHaveTextContent()

received value must be an HTMLElement or an SVGElement.
Received has value: undefined
    at Object.throwingMatcher [as toHaveTextContent] (/Users/rafaelpraxedes/Liferay/sources/liferay-portal/modules/node_modules/expect/build/index.js:336:33)
    at Object.toHaveTextContent (/Users/rafaelpraxedes/Liferay/sources/liferay-portal/modules/dxp/apps/portal-workflow/portal-workflow-metrics-web/test/components/App.es.js:98:19)
    at Object.asyncJestTest (/Users/rafaelpraxedes/Liferay/sources/liferay-portal/modules/node_modules/jest-jasmine2/build/jasmineAsyncInstall.js:102:37)
    at /Users/rafaelpraxedes/Liferay/sources/liferay-portal/modules/node_modules/jest-jasmine2/build/queueRunner.js:43:12
    at new Promise (&lt;anonymous&gt;)
    at mapper (/Users/rafaelpraxedes/Liferay/sources/liferay-portal/modules/node_modules/jest-jasmine2/build/queueRunner.js:26:19)
    at /Users/rafaelpraxedes/Liferay/sources/liferay-portal/modules/node_modules/jest-jasmine2/build/queueRunner.js:73:41
    at processTicksAndRejections (internal/process/task_queues.js:93:5)</failure>
  </testcase>
  <testcase classname=".Users.rafaelpraxedes.Liferay.sources.liferay-portal.modules.dxp.apps.portal-workflow.portal-workflow-metrics-web.test.components.process-metrics.process-items" name="The completed items card component should Be rendered with time range filter" time="0.054">
  </testcase>
  <testcase classname=".Users.rafaelpraxedes.Liferay.sources.liferay-portal.modules.dxp.apps.portal-workflow.portal-workflow-metrics-web.test.components.process-metrics.process-items" name="The completed items card component should Be rendered with overdue count &quot;1&quot;" time="0.028">
  </testcase>
  <testcase classname=".Users.rafaelpraxedes.Liferay.sources.liferay-portal.modules.dxp.apps.portal-workflow.portal-workflow-metrics-web.test.components.process-metrics.process-items" name="The completed items card component should Be rendered with ontime count &quot;2&quot;" time="0.028">
  </testcase>
  <testcase classname=".Users.rafaelpraxedes.Liferay.sources.liferay-portal.modules.dxp.apps.portal-workflow.portal-workflow-metrics-web.test.components.process-metrics.process-items" name="The completed items card component should Be rendered with untracked count &quot;3&quot;" time="0.037">
  </testcase>
  <testcase classname=".Users.rafaelpraxedes.Liferay.sources.liferay-portal.modules.dxp.apps.portal-workflow.portal-workflow-metrics-web.test.components.process-metrics.process-items" name="The completed items card component should Be rendered with total completed count &quot;6&quot;" time="0.033">
  </testcase>
  <testcase classname=".Users.rafaelpraxedes.Liferay.sources.liferay-portal.modules.dxp.apps.portal-workflow.portal-workflow-metrics-web.test.components.filter" name="The time range filter component should Render without custom range date option selected Be rendered with filter item names" time="0.017">
  </testcase>
  <testcase classname=".Users.rafaelpraxedes.Liferay.sources.liferay-portal.modules.dxp.apps.portal-workflow.portal-workflow-metrics-web.test.components.filter" name="The time range filter component should Render without custom range date option selected Be rendered with active option &quot;Last 7 Days&quot;" time="0.018">
  </testcase>
  <testcase classname=".Users.rafaelpraxedes.Liferay.sources.liferay-portal.modules.dxp.apps.portal-workflow.portal-workflow-metrics-web.test.components.filter" name="The time range filter component should Render with custom date range option selected and Show the date the href has as a suggestion" time="0.016">
  </testcase>
  <testcase classname=".Users.rafaelpraxedes.Liferay.sources.liferay-portal.modules.dxp.apps.portal-workflow.portal-workflow-metrics-web.test.components.filter" name="The time range filter component should Render with custom date range option selected and Sho error span with invalid date input" time="0.014">
  </testcase>
  <testcase classname=".Users.rafaelpraxedes.Liferay.sources.liferay-portal.modules.dxp.apps.portal-workflow.portal-workflow-metrics-web.test.components.filter" name="The time range filter component should Render with custom date range option selected and Show error span with date early to 1970 input" time="0.01">
  </testcase>
  <testcase classname=".Users.rafaelpraxedes.Liferay.sources.liferay-portal.modules.dxp.apps.portal-workflow.portal-workflow-metrics-web.test.components.filter" name="The time range filter component should Render with custom date range option selected and Show error span to inconsistent date input" time="0.01">
  </testcase>
  <testcase classname=".Users.rafaelpraxedes.Liferay.sources.liferay-portal.modules.dxp.apps.portal-workflow.portal-workflow-metrics-web.test.components.filter" name="The time range filter component should Render with custom date range option selected and Change the filter value applying a custom time range" time="0.013">
  </testcase>
  <testcase classname=".Users.rafaelpraxedes.Liferay.sources.liferay-portal.modules.dxp.apps.portal-workflow.portal-workflow-metrics-web.test.components.sla" name="Should display error on alert when receive a server error after submit" time="0.048">
  </testcase>
  <testcase classname=".Users.rafaelpraxedes.Liferay.sources.liferay-portal.modules.dxp.apps.portal-workflow.portal-workflow-metrics-web.test.components.sla" name="Should display error on field when receive a server error after submit" time="0.022">
  </testcase>
  <testcase classname=".Users.rafaelpraxedes.Liferay.sources.liferay-portal.modules.dxp.apps.portal-workflow.portal-workflow-metrics-web.test.components.sla" name="Should display error when submitting the form with empty name" time="0.02">
  </testcase>
  <testcase classname=".Users.rafaelpraxedes.Liferay.sources.liferay-portal.modules.dxp.apps.portal-workflow.portal-workflow-metrics-web.test.components.sla" name="Should display errors when duration was changed but keep empty" time="0.028">
  </testcase>
  <testcase classname=".Users.rafaelpraxedes.Liferay.sources.liferay-portal.modules.dxp.apps.portal-workflow.portal-workflow-metrics-web.test.components.sla" name="Should display errors when input blur with invalid values" time="0.023">
  </testcase>
  <testcase classname=".Users.rafaelpraxedes.Liferay.sources.liferay-portal.modules.dxp.apps.portal-workflow.portal-workflow-metrics-web.test.components.sla" name="Should display errors when submitting the form with empty values" time="0.016">
  </testcase>
  <testcase classname=".Users.rafaelpraxedes.Liferay.sources.liferay-portal.modules.dxp.apps.portal-workflow.portal-workflow-metrics-web.test.components.sla" name="Should edit the SLA with valid values" time="0.031">
  </testcase>
  <testcase classname=".Users.rafaelpraxedes.Liferay.sources.liferay-portal.modules.dxp.apps.portal-workflow.portal-workflow-metrics-web.test.components.sla" name="Should redirect to SLA list" time="0.022">
  </testcase>
  <testcase classname=".Users.rafaelpraxedes.Liferay.sources.liferay-portal.modules.dxp.apps.portal-workflow.portal-workflow-metrics-web.test.components.sla" name="Should redirect to SLA list with blocked nodes" time="0.022">
  </testcase>
  <testcase classname=".Users.rafaelpraxedes.Liferay.sources.liferay-portal.modules.dxp.apps.portal-workflow.portal-workflow-metrics-web.test.components.sla" name="Should render component" time="0.027">
  </testcase>
  <testcase classname=".Users.rafaelpraxedes.Liferay.sources.liferay-portal.modules.dxp.apps.portal-workflow.portal-workflow-metrics-web.test.components.sla" name="Should render component in edit mode" time="0.023">
  </testcase>
  <testcase classname=".Users.rafaelpraxedes.Liferay.sources.liferay-portal.modules.dxp.apps.portal-workflow.portal-workflow-metrics-web.test.components.sla" name="Should submit a new SLA with valid values" time="0.007">
  </testcase>
  <testcase classname=".Users.rafaelpraxedes.Liferay.sources.liferay-portal.modules.dxp.apps.portal-workflow.portal-workflow-metrics-web.test.components.sla" name="Should test handler erros" time="0.015">
  </testcase>
  <testcase classname=".Users.rafaelpraxedes.Liferay.sources.liferay-portal.modules.dxp.apps.portal-workflow.portal-workflow-metrics-web.test.components.sla" name="Should test handler erros at start node keys" time="0.016">
  </testcase>
  <testcase classname=".Users.rafaelpraxedes.Liferay.sources.liferay-portal.modules.dxp.apps.portal-workflow.portal-workflow-metrics-web.test.components.sla" name="Should test handler no array erros" time="0.016">
  </testcase>
  <testcase classname=".Users.rafaelpraxedes.Liferay.sources.liferay-portal.modules.dxp.apps.portal-workflow.portal-workflow-metrics-web.test.components.sla" name="Should test load data callback" time="0.025">
  </testcase>
  <testcase classname=".Users.rafaelpraxedes.Liferay.sources.liferay-portal.modules.dxp.apps.portal-workflow.portal-workflow-metrics-web.test.components.sla" name="Should update state after input changes" time="0.015">
  </testcase>
  <testcase classname=".Users.rafaelpraxedes.Liferay.sources.liferay-portal.modules.dxp.apps.portal-workflow.portal-workflow-metrics-web.test.components.sla" name="Should render its FieldError component without crashing" time="0.003">
  </testcase>
  <testcase classname=".Users.rafaelpraxedes.Liferay.sources.liferay-portal.modules.dxp.apps.portal-workflow.portal-workflow-metrics-web.test.components.process-metrics.completion-velocity" name="The velocity chart should Be rendered in document" time="0.153">
  </testcase>
  <testcase classname=".Users.rafaelpraxedes.Liferay.sources.liferay-portal.modules.dxp.apps.portal-workflow.portal-workflow-metrics-web.test.components.process-metrics.completion-velocity" name="The velocity chart should Be render tooltip with valid dates" time="0.004">
  </testcase>
  <testcase classname=".Users.rafaelpraxedes.Liferay.sources.liferay-portal.modules.dxp.apps.portal-workflow.portal-workflow-metrics-web.test.components.process-metrics.completion-velocity" name="The velocity chart should Be render tooltip with invalid date" time="0.001">
  </testcase>
  <testcase classname=".Users.rafaelpraxedes.Liferay.sources.liferay-portal.modules.dxp.apps.portal-workflow.portal-workflow-metrics-web.test.shared.components.pagination-bar" name="The PaginationBar component should Render with initial params and change pageSize and page using state" time="0.125">
  </testcase>
  <testcase classname=".Users.rafaelpraxedes.Liferay.sources.liferay-portal.modules.dxp.apps.portal-workflow.portal-workflow-metrics-web.test.shared.components.pagination-bar" name="The PaginationBar component should Render with initial params and change pageSize and page using route params" time="0.104">
  </testcase>
  <testcase classname=".Users.rafaelpraxedes.Liferay.sources.liferay-portal.modules.dxp.apps.portal-workflow.portal-workflow-metrics-web.test.shared.components.pagination-bar" name="The PaginationBar component should Render with insufficient total count to pagination" time="0.001">
  </testcase>
  <testcase classname=".Users.rafaelpraxedes.Liferay.sources.liferay-portal.modules.dxp.apps.portal-workflow.portal-workflow-metrics-web.test.components.instance-list-page.modal.single-reassign" name="The SingleReassignModalTable component should Render with statuses Completed and Overdue" time="0.145">
  </testcase>
  <testcase classname=".Users.rafaelpraxedes.Liferay.sources.liferay-portal.modules.dxp.apps.portal-workflow.portal-workflow-metrics-web.test.components.instance-list-page.modal.single-reassign" name="The SingleReassignModalTable component should Render with no taskName" time="0.071">
  </testcase>
  <testcase classname=".Users.rafaelpraxedes.Liferay.sources.liferay-portal.modules.dxp.apps.portal-workflow.portal-workflow-metrics-web.test.components.instance-list-page.modal.single-reassign" name="The SingleReassignModalTable component should Render with no data" time="0.007">
  </testcase>
  <testcase classname=".Users.rafaelpraxedes.Liferay.sources.liferay-portal.modules.dxp.apps.portal-workflow.portal-workflow-metrics-web.test.components.instance-list-page.modal.single-reassign" name="The SingleReassignModalTable component should Render with taskNames" time="0.073">
  </testcase>
  <testcase classname=".Users.rafaelpraxedes.Liferay.sources.liferay-portal.modules.dxp.apps.portal-workflow.portal-workflow-metrics-web.test.components.instance-list-page.modal.single-reassign" name="The AssigneeInput component should Render change assignee input text to Test" time="0.091">
  </testcase>
  <testcase classname=".Users.rafaelpraxedes.Liferay.sources.liferay-portal.modules.dxp.apps.portal-workflow.portal-workflow-metrics-web.test.components.instance-list-page.modal.single-reassign" name="The AssigneeInput component should Change its text to &quot;Test&quot;" time="0.058">
  </testcase>
  <testcase classname=".Users.rafaelpraxedes.Liferay.sources.liferay-portal.modules.dxp.apps.portal-workflow.portal-workflow-metrics-web.test.components.instance-list-page.modal.single-reassign" name="The AssigneeInput component should Select a new assignee" time="0.093">
  </testcase>
  <testcase classname=".Users.rafaelpraxedes.Liferay.sources.liferay-portal.modules.dxp.apps.portal-workflow.portal-workflow-metrics-web.test.components.instance-list-page.modal.single-reassign" name="The AssigneeInput component should Select a new assignee with input already filled" time="0.095">
  </testcase>
  <testcase classname=".Users.rafaelpraxedes.Liferay.sources.liferay-portal.modules.dxp.apps.portal-workflow.portal-workflow-metrics-web.test.components.instance-list-page.modal.single-reassign" name="The SingleReassignModal component should Render modal with error message and retry" time="0.097">
  </testcase>
  <testcase classname=".Users.rafaelpraxedes.Liferay.sources.liferay-portal.modules.dxp.apps.portal-workflow.portal-workflow-metrics-web.test.components.instance-list-page.modal.single-reassign" name="The SingleReassignModal component should Render modal with items" time="0.213">
  </testcase>
  <testcase classname=".Users.rafaelpraxedes.Liferay.sources.liferay-portal.modules.dxp.apps.portal-workflow.portal-workflow-metrics-web.test.components.instance-list-page.modal.single-reassign" name="The SingleReassignModal component should Render modal reassign error and retry" time="0.19">
  </testcase>
  <testcase classname=".Users.rafaelpraxedes.Liferay.sources.liferay-portal.modules.dxp.apps.portal-workflow.portal-workflow-metrics-web.test.components.instance-list-page.modal.single-reassign" name="The SingleReassignModal component should Render alert with success message and close modal" time="0.038">
  </testcase>
  <testcase classname=".Users.rafaelpraxedes.Liferay.sources.liferay-portal.modules.dxp.apps.portal-workflow.portal-workflow-metrics-web.test.shared.components.filter" name="The filter component should Be rendered with filter item names and default item selected" time="0.013">
  </testcase>
  <testcase classname=".Users.rafaelpraxedes.Liferay.sources.liferay-portal.modules.dxp.apps.portal-workflow.portal-workflow-metrics-web.test.shared.components.filter" name="The filter component should Be rendered with other item selected" time="0.008">
  </testcase>
  <testcase classname=".Users.rafaelpraxedes.Liferay.sources.liferay-portal.modules.dxp.apps.portal-workflow.portal-workflow-metrics-web.test.shared.components.filter" name="The filter component should Be rendered with search field and filtering options" time="0.053">
  </testcase>
  <testcase classname=".Users.rafaelpraxedes.Liferay.sources.liferay-portal.modules.dxp.apps.portal-workflow.portal-workflow-metrics-web.test.shared.components.filter" name="The filter component should Be rendered with multiple options" time="0.009">
  </testcase>
  <testcase classname=".Users.rafaelpraxedes.Liferay.sources.liferay-portal.modules.dxp.apps.portal-workflow.portal-workflow-metrics-web.test.components.instance-list-page.modal.bulk-reassign" name="The BulkReassignModal component should Render &quot;Select tasks&quot; step with fetch error and retrying" time="0.029">
  </testcase>
  <testcase classname=".Users.rafaelpraxedes.Liferay.sources.liferay-portal.modules.dxp.apps.portal-workflow.portal-workflow-metrics-web.test.components.instance-list-page.modal.bulk-reassign" name="The BulkReassignModal component should Render &quot;Select tasks&quot; step with items" time="0.092">
  </testcase>
  <testcase classname=".Users.rafaelpraxedes.Liferay.sources.liferay-portal.modules.dxp.apps.portal-workflow.portal-workflow-metrics-web.test.components.instance-list-page.modal.bulk-reassign" name="The BulkReassignModal component should Render &quot;Select tasks&quot; step with next error and retrying" time="0.037">
  </testcase>
  <testcase classname=".Users.rafaelpraxedes.Liferay.sources.liferay-portal.modules.dxp.apps.portal-workflow.portal-workflow-metrics-web.test.components.instance-list-page.modal.bulk-reassign" name="The BulkReassignModal component should Render &quot;Select assignees&quot; step with fetch error and retrying" time="0.019">
  </testcase>
  <testcase classname=".Users.rafaelpraxedes.Liferay.sources.liferay-portal.modules.dxp.apps.portal-workflow.portal-workflow-metrics-web.test.components.instance-list-page.modal.bulk-reassign" name="The BulkReassignModal component should Render &quot;Select assignees&quot; step with items and back to previous step" time="0.038">
  </testcase>
  <testcase classname=".Users.rafaelpraxedes.Liferay.sources.liferay-portal.modules.dxp.apps.portal-workflow.portal-workflow-metrics-web.test.components.instance-list-page.modal.bulk-reassign" name="The BulkReassignModal component should Render &quot;Select assignees&quot; step with items" time="0.853">
  </testcase>
  <testcase classname=".Users.rafaelpraxedes.Liferay.sources.liferay-portal.modules.dxp.apps.portal-workflow.portal-workflow-metrics-web.test.components.instance-list-page.modal.bulk-reassign" name="The BulkReassignModal component should Render &quot;Select assignees&quot; step with reassign fetch error and retrying" time="0.367">
  </testcase>
  <testcase classname=".Users.rafaelpraxedes.Liferay.sources.liferay-portal.modules.dxp.apps.portal-workflow.portal-workflow-metrics-web.test.shared.components.promises-resolver" name="The pending view should Not render children when pending is false" time="0.005">
  </testcase>
  <testcase classname=".Users.rafaelpraxedes.Liferay.sources.liferay-portal.modules.dxp.apps.portal-workflow.portal-workflow-metrics-web.test.shared.components.promises-resolver" name="The pending view should Render children when loading is true" time="0.003">
  </testcase>
  <testcase classname=".Users.rafaelpraxedes.Liferay.sources.liferay-portal.modules.dxp.apps.portal-workflow.portal-workflow-metrics-web.test.shared.components.promises-resolver" name="The PromisesResolver should Render its children when the request succeeds" time="0.005">
  </testcase>
  <testcase classname=".Users.rafaelpraxedes.Liferay.sources.liferay-portal.modules.dxp.apps.portal-workflow.portal-workflow-metrics-web.test.shared.components.promises-resolver" name="The PromisesResolver should not Render its children when request fails" time="0.005">
  </testcase>
  <testcase classname=".Users.rafaelpraxedes.Liferay.sources.liferay-portal.modules.dxp.apps.portal-workflow.portal-workflow-metrics-web.test.shared.components.promises-resolver" name="The rejected view should Not render children when error is null" time="0.003">
  </testcase>
  <testcase classname=".Users.rafaelpraxedes.Liferay.sources.liferay-portal.modules.dxp.apps.portal-workflow.portal-workflow-metrics-web.test.shared.components.promises-resolver" name="The rejected view should Render children when has been rejected" time="0.002">
  </testcase>
  <testcase classname=".Users.rafaelpraxedes.Liferay.sources.liferay-portal.modules.dxp.apps.portal-workflow.portal-workflow-metrics-web.test.shared.components.promises-resolver" name="The resolved view should Not render children when has been rejected" time="0.002">
  </testcase>
  <testcase classname=".Users.rafaelpraxedes.Liferay.sources.liferay-portal.modules.dxp.apps.portal-workflow.portal-workflow-metrics-web.test.shared.components.promises-resolver" name="The resolved view should Not render children when loading is true" time="0.002">
  </testcase>
  <testcase classname=".Users.rafaelpraxedes.Liferay.sources.liferay-portal.modules.dxp.apps.portal-workflow.portal-workflow-metrics-web.test.shared.components.promises-resolver" name="The resolved view should Render children when loading is false and has no error" time="0.002">
  </testcase>
  <testcase classname=".Users.rafaelpraxedes.Liferay.sources.liferay-portal.modules.dxp.apps.portal-workflow.portal-workflow-metrics-web.test.components.sla.store" name="Should test fetch" time="0.035">
  </testcase>
  <testcase classname=".Users.rafaelpraxedes.Liferay.sources.liferay-portal.modules.dxp.apps.portal-workflow.portal-workflow-metrics-web.test.components.sla.store" name="Should test fetch data" time="0.021">
  </testcase>
  <testcase classname=".Users.rafaelpraxedes.Liferay.sources.liferay-portal.modules.dxp.apps.portal-workflow.portal-workflow-metrics-web.test.components.sla.store" name="Should test initial state" time="0.035">
  </testcase>
  <testcase classname=".Users.rafaelpraxedes.Liferay.sources.liferay-portal.modules.dxp.apps.portal-workflow.portal-workflow-metrics-web.test.components.sla.store" name="Should change SLA form values" time="0.023">
  </testcase>
  <testcase classname=".Users.rafaelpraxedes.Liferay.sources.liferay-portal.modules.dxp.apps.portal-workflow.portal-workflow-metrics-web.test.components.sla.store" name="Should test fetch data" time="0.033">
  </testcase>
  <testcase classname=".Users.rafaelpraxedes.Liferay.sources.liferay-portal.modules.dxp.apps.portal-workflow.portal-workflow-metrics-web.test.components.sla.store" name="Should test fetch data without some parts" time="0.053">
  </testcase>
  <testcase classname=".Users.rafaelpraxedes.Liferay.sources.liferay-portal.modules.dxp.apps.portal-workflow.portal-workflow-metrics-web.test.components.sla.store" name="Should test initial state" time="0.049">
  </testcase>
  <testcase classname=".Users.rafaelpraxedes.Liferay.sources.liferay-portal.modules.dxp.apps.portal-workflow.portal-workflow-metrics-web.test.components.sla.store" name="Should test reset" time="0.057">
  </testcase>
  <testcase classname=".Users.rafaelpraxedes.Liferay.sources.liferay-portal.modules.dxp.apps.portal-workflow.portal-workflow-metrics-web.test.components.sla.store" name="Should test save data" time="0.062">
  </testcase>
  <testcase classname=".Users.rafaelpraxedes.Liferay.sources.liferay-portal.modules.dxp.apps.portal-workflow.portal-workflow-metrics-web.test.components.sla.store" name="Should test update data" time="0.051">
  </testcase>
  <testcase classname=".Users.rafaelpraxedes.Liferay.sources.liferay-portal.modules.dxp.apps.portal-workflow.portal-workflow-metrics-web.test.components.instance-list-page" name="The instance list card should Be rendered with &quot;sla-status&quot;, &quot;process-status&quot;, and &quot;process-step&quot; filters" time="0.005">
  </testcase>
  <testcase classname=".Users.rafaelpraxedes.Liferay.sources.liferay-portal.modules.dxp.apps.portal-workflow.portal-workflow-metrics-web.test.components.instance-list-page" name="The instance list card should Select all page by clicking on check all button" time="0.405">
  </testcase>
  <testcase classname=".Users.rafaelpraxedes.Liferay.sources.liferay-portal.modules.dxp.apps.portal-workflow.portal-workflow-metrics-web.test.components.instance-list-page" name="The instance list card should Select all instances by clicking on select all button" time="0.554">
  </testcase>
  <testcase classname=".Users.rafaelpraxedes.Liferay.sources.liferay-portal.modules.dxp.apps.portal-workflow.portal-workflow-metrics-web.test.components.process-metrics.completion-velocity" name="The completion velocity card component should Be rendered with time range filter" time="0.06">
  </testcase>
  <testcase classname=".Users.rafaelpraxedes.Liferay.sources.liferay-portal.modules.dxp.apps.portal-workflow.portal-workflow-metrics-web.test.components.process-metrics.completion-velocity" name="The completion velocity card component should Be rendered with time range filter" time="0.014">
  </testcase>
  <testcase classname=".Users.rafaelpraxedes.Liferay.sources.liferay-portal.modules.dxp.apps.portal-workflow.portal-workflow-metrics-web.test.components.sla" name="Should render component" time="0.03">
  </testcase>
  <testcase classname=".Users.rafaelpraxedes.Liferay.sources.liferay-portal.modules.dxp.apps.portal-workflow.portal-workflow-metrics-web.test.components.sla" name="Should render component after item was removed" time="0.007">
  </testcase>
  <testcase classname=".Users.rafaelpraxedes.Liferay.sources.liferay-portal.modules.dxp.apps.portal-workflow.portal-workflow-metrics-web.test.components.sla" name="Should render toast with SLA saved message" time="0.048">
  </testcase>
  <testcase classname=".Users.rafaelpraxedes.Liferay.sources.liferay-portal.modules.dxp.apps.portal-workflow.portal-workflow-metrics-web.test.components.sla" name="Should render toast with SLA updated message" time="0.013">
  </testcase>
  <testcase classname=".Users.rafaelpraxedes.Liferay.sources.liferay-portal.modules.dxp.apps.portal-workflow.portal-workflow-metrics-web.test.components.sla" name="Should remove a item" time="0.016">
  </testcase>
  <testcase classname=".Users.rafaelpraxedes.Liferay.sources.liferay-portal.modules.dxp.apps.portal-workflow.portal-workflow-metrics-web.test.components.sla" name="Should test props change" time="0.016">
  </testcase>
  <testcase classname=".Users.rafaelpraxedes.Liferay.sources.liferay-portal.modules.dxp.apps.portal-workflow.portal-workflow-metrics-web.test.components.process-metrics.process-items" name="The pending items card component should Be rendered with overdue count &quot;1&quot;" time="0.023">
  </testcase>
  <testcase classname=".Users.rafaelpraxedes.Liferay.sources.liferay-portal.modules.dxp.apps.portal-workflow.portal-workflow-metrics-web.test.components.process-metrics.process-items" name="The pending items card component should Be rendered with ontime count &quot;2&quot;" time="0.02">
  </testcase>
  <testcase classname=".Users.rafaelpraxedes.Liferay.sources.liferay-portal.modules.dxp.apps.portal-workflow.portal-workflow-metrics-web.test.components.process-metrics.process-items" name="The pending items card component should Be rendered with untracked count &quot;3&quot;" time="0.021">
  </testcase>
  <testcase classname=".Users.rafaelpraxedes.Liferay.sources.liferay-portal.modules.dxp.apps.portal-workflow.portal-workflow-metrics-web.test.components.process-metrics.process-items" name="The pending items card component should Be rendered with total pending count &quot;6&quot;" time="0.016">
  </testcase>
  <testcase classname=".Users.rafaelpraxedes.Liferay.sources.liferay-portal.modules.dxp.apps.portal-workflow.portal-workflow-metrics-web.test.components.process-metrics.process-items" name="Should format percentage" time="0.034">
  </testcase>
  <testcase classname=".Users.rafaelpraxedes.Liferay.sources.liferay-portal.modules.dxp.apps.portal-workflow.portal-workflow-metrics-web.test.components.process-metrics.process-items" name="Should format value for values with more than 3 digits" time="0.011">
  </testcase>
  <testcase classname=".Users.rafaelpraxedes.Liferay.sources.liferay-portal.modules.dxp.apps.portal-workflow.portal-workflow-metrics-web.test.components.process-metrics.process-items" name="Should not format percentage for total item" time="0.005">
  </testcase>
  <testcase classname=".Users.rafaelpraxedes.Liferay.sources.liferay-portal.modules.dxp.apps.portal-workflow.portal-workflow-metrics-web.test.components.process-metrics.process-items" name="Should not format value for values with 3 or less digits" time="0.005">
  </testcase>
  <testcase classname=".Users.rafaelpraxedes.Liferay.sources.liferay-portal.modules.dxp.apps.portal-workflow.portal-workflow-metrics-web.test.components.process-metrics.process-items" name="Should render component" time="0.006">
  </testcase>
  <testcase classname=".Users.rafaelpraxedes.Liferay.sources.liferay-portal.modules.dxp.apps.portal-workflow.portal-workflow-metrics-web.test.components.process-metrics.process-items" name="Should render component with disabled state" time="0.004">
  </testcase>
  <testcase classname=".Users.rafaelpraxedes.Liferay.sources.liferay-portal.modules.dxp.apps.portal-workflow.portal-workflow-metrics-web.test.components.process-metrics.process-items" name="Should test mouse over" time="0.008">
  </testcase>
  <testcase classname=".Users.rafaelpraxedes.Liferay.sources.liferay-portal.modules.dxp.apps.portal-workflow.portal-workflow-metrics-web.test.components.workload-by-assignee-page" name="The workload by assignee page body should Be rendered with &quot;User 1&quot; and &quot;User 2&quot; names" time="0.027">
  </testcase>
  <testcase classname=".Users.rafaelpraxedes.Liferay.sources.liferay-portal.modules.dxp.apps.portal-workflow.portal-workflow-metrics-web.test.components.workload-by-assignee-page" name="The subcomponents from workload by assignee page body should Be rendered with empty view and no content message" time="0.003">
  </testcase>
  <testcase classname=".Users.rafaelpraxedes.Liferay.sources.liferay-portal.modules.dxp.apps.portal-workflow.portal-workflow-metrics-web.test.components.workload-by-assignee-page" name="The subcomponents from workload by assignee page body should Be rendered with empty view and no results message" time="0.002">
  </testcase>
[...]
    <failure message="TypeError: Cannot read property &apos;id&apos; of undefined">TypeError: Cannot read property &apos;id&apos; of undefined
    at id (/Users/rafaelpraxedes/Liferay/sources/liferay-portal/modules/dxp/apps/portal-workflow/portal-workflow-metrics-web/src/main/resources/META-INF/resources/js/components/process-metrics/workload-by-assignee-card/WorkloadByAssigneeCardTable.es.js:22:13)
    at renderWithHooks (/Users/rafaelpraxedes/Liferay/sources/liferay-portal/modules/node_modules/react-dom/cjs/react-dom.development.js:16260:18)
    at mountIndeterminateComponent (/Users/rafaelpraxedes/Liferay/sources/liferay-portal/modules/node_modules/react-dom/cjs/react-dom.development.js:18794:13)
    at beginWork$1 (/Users/rafaelpraxedes/Liferay/sources/liferay-portal/modules/node_modules/react-dom/cjs/react-dom.development.js:20162:16)
    at HTMLUnknownElement.callCallback (/Users/rafaelpraxedes/Liferay/sources/liferay-portal/modules/node_modules/react-dom/cjs/react-dom.development.js:336:14)
    at invokeEventListeners (/Users/rafaelpraxedes/Liferay/sources/liferay-portal/modules/node_modules/jsdom/lib/jsdom/living/events/EventTarget-impl.js:193:27)
    at HTMLUnknownElementImpl._dispatch (/Users/rafaelpraxedes/Liferay/sources/liferay-portal/modules/node_modules/jsdom/lib/jsdom/living/events/EventTarget-impl.js:119:9)
    at HTMLUnknownElementImpl.dispatchEvent (/Users/rafaelpraxedes/Liferay/sources/liferay-portal/modules/node_modules/jsdom/lib/jsdom/living/events/EventTarget-impl.js:82:17)
    at HTMLUnknownElementImpl.dispatchEvent (/Users/rafaelpraxedes/Liferay/sources/liferay-portal/modules/node_modules/jsdom/lib/jsdom/living/nodes/HTMLElement-impl.js:30:27)
    at HTMLUnknownElement.dispatchEvent (/Users/rafaelpraxedes/Liferay/sources/liferay-portal/modules/node_modules/jsdom/lib/jsdom/living/generated/EventTarget.js:157:21)
    at Object.invokeGuardedCallbackDev (/Users/rafaelpraxedes/Liferay/sources/liferay-portal/modules/node_modules/react-dom/cjs/react-dom.development.js:385:16)
    at invokeGuardedCallback (/Users/rafaelpraxedes/Liferay/sources/liferay-portal/modules/node_modules/react-dom/cjs/react-dom.development.js:440:31)
    at beginWork$$1 (/Users/rafaelpraxedes/Liferay/sources/liferay-portal/modules/node_modules/react-dom/cjs/react-dom.development.js:25780:7)
    at performUnitOfWork (/Users/rafaelpraxedes/Liferay/sources/liferay-portal/modules/node_modules/react-dom/cjs/react-dom.development.js:24698:12)
    at workLoopSync (/Users/rafaelpraxedes/Liferay/sources/liferay-portal/modules/node_modules/react-dom/cjs/react-dom.development.js:24671:22)
    at performSyncWorkOnRoot (/Users/rafaelpraxedes/Liferay/sources/liferay-portal/modules/node_modules/react-dom/cjs/react-dom.development.js:24270:11)
    at scheduleUpdateOnFiber (/Users/rafaelpraxedes/Liferay/sources/liferay-portal/modules/node_modules/react-dom/cjs/react-dom.development.js:23698:7)
    at updateContainer (/Users/rafaelpraxedes/Liferay/sources/liferay-portal/modules/node_modules/react-dom/cjs/react-dom.development.js:27103:3)
    at /Users/rafaelpraxedes/Liferay/sources/liferay-portal/modules/node_modules/react-dom/cjs/react-dom.development.js:27528:7
    at unbatchedUpdates (/Users/rafaelpraxedes/Liferay/sources/liferay-portal/modules/node_modules/react-dom/cjs/react-dom.development.js:24433:12)
    at legacyRenderSubtreeIntoContainer (/Users/rafaelpraxedes/Liferay/sources/liferay-portal/modules/node_modules/react-dom/cjs/react-dom.development.js:27527:5)
    at Object.render (/Users/rafaelpraxedes/Liferay/sources/liferay-portal/modules/node_modules/react-dom/cjs/react-dom.development.js:27608:10)
    at /Users/rafaelpraxedes/Liferay/sources/liferay-portal/modules/node_modules/@testing-library/react/dist/index.js:86:25
    at batchedUpdates$1 (/Users/rafaelpraxedes/Liferay/sources/liferay-portal/modules/node_modules/react-dom/cjs/react-dom.development.js:24386:12)
    at act (/Users/rafaelpraxedes/Liferay/sources/liferay-portal/modules/node_modules/react-dom/cjs/react-dom-test-utils.development.js:1092:14)
    at render (/Users/rafaelpraxedes/Liferay/sources/liferay-portal/modules/node_modules/@testing-library/react/dist/index.js:82:26)
    at Object.&lt;anonymous&gt; (/Users/rafaelpraxedes/Liferay/sources/liferay-portal/modules/dxp/apps/portal-workflow/portal-workflow-metrics-web/test/components/process-metrics/workload-by-assignee-card/WorkloadByAssigneeCardBody.es.js:119:25)
    at Object.asyncJestLifecycle (/Users/rafaelpraxedes/Liferay/sources/liferay-portal/modules/node_modules/jest-jasmine2/build/jasmineAsyncInstall.js:53:37)
    at /Users/rafaelpraxedes/Liferay/sources/liferay-portal/modules/node_modules/jest-jasmine2/build/queueRunner.js:43:12
    at new Promise (&lt;anonymous&gt;)
    at mapper (/Users/rafaelpraxedes/Liferay/sources/liferay-portal/modules/node_modules/jest-jasmine2/build/queueRunner.js:26:19)
    at /Users/rafaelpraxedes/Liferay/sources/liferay-portal/modules/node_modules/jest-jasmine2/build/queueRunner.js:73:41
Timeout - Async callback was not invoked within the 5000ms timeout specified by jest.setTimeout.Error: 
    at new Spec (/Users/rafaelpraxedes/Liferay/sources/liferay-portal/modules/node_modules/jest-jasmine2/build/jasmine/Spec.js:101:22)
    at new Spec (/Users/rafaelpraxedes/Liferay/sources/liferay-portal/modules/node_modules/jest-jasmine2/build/setup_jest_globals.js:80:9)
    at specFactory (/Users/rafaelpraxedes/Liferay/sources/liferay-portal/modules/node_modules/jest-jasmine2/build/jasmine/Env.js:496:22)
    at Env.it (/Users/rafaelpraxedes/Liferay/sources/liferay-portal/modules/node_modules/jest-jasmine2/build/jasmine/Env.js:565:22)
    at Env.it (/Users/rafaelpraxedes/Liferay/sources/liferay-portal/modules/node_modules/jest-jasmine2/build/jasmineAsyncInstall.js:132:23)
    at it (/Users/rafaelpraxedes/Liferay/sources/liferay-portal/modules/node_modules/jest-jasmine2/build/jasmine/jasmineLight.js:93:21)
    at Suite.test (/Users/rafaelpraxedes/Liferay/sources/liferay-portal/modules/dxp/apps/portal-workflow/portal-workflow-metrics-web/test/components/process-metrics/workload-by-assignee-card/WorkloadByAssigneeCardBody.es.js:131:3)
    at addSpecsToSuite (/Users/rafaelpraxedes/Liferay/sources/liferay-portal/modules/node_modules/jest-jasmine2/build/jasmine/Env.js:417:49)
    at Env.describe (/Users/rafaelpraxedes/Liferay/sources/liferay-portal/modules/node_modules/jest-jasmine2/build/jasmine/Env.js:387:9)
    at describe (/Users/rafaelpraxedes/Liferay/sources/liferay-portal/modules/node_modules/jest-jasmine2/build/jasmine/jasmineLight.js:81:18)
    at Suite.describe (/Users/rafaelpraxedes/Liferay/sources/liferay-portal/modules/dxp/apps/portal-workflow/portal-workflow-metrics-web/test/components/process-metrics/workload-by-assignee-card/WorkloadByAssigneeCardBody.es.js:117:2)
    at addSpecsToSuite (/Users/rafaelpraxedes/Liferay/sources/liferay-portal/modules/node_modules/jest-jasmine2/build/jasmine/Env.js:417:49)
    at Env.describe (/Users/rafaelpraxedes/Liferay/sources/liferay-portal/modules/node_modules/jest-jasmine2/build/jasmine/Env.js:387:9)
    at describe (/Users/rafaelpraxedes/Liferay/sources/liferay-portal/modules/node_modules/jest-jasmine2/build/jasmine/jasmineLight.js:81:18)
    at Object.describe (/Users/rafaelpraxedes/Liferay/sources/liferay-portal/modules/dxp/apps/portal-workflow/portal-workflow-metrics-web/test/components/process-metrics/workload-by-assignee-card/WorkloadByAssigneeCardBody.es.js:41:1)
    at Runtime._execModule (/Users/rafaelpraxedes/Liferay/sources/liferay-portal/modules/node_modules/jest-runtime/build/index.js:765:13)
    at Runtime.requireModule (/Users/rafaelpraxedes/Liferay/sources/liferay-portal/modules/node_modules/jest-runtime/build/index.js:361:14)
    at /Users/rafaelpraxedes/Liferay/sources/liferay-portal/modules/node_modules/jest-jasmine2/build/index.js:202:13
    at Generator.next (&lt;anonymous&gt;)
    at asyncGeneratorStep (/Users/rafaelpraxedes/Liferay/sources/liferay-portal/modules/node_modules/jest-jasmine2/build/index.js:27:24)
    at _next (/Users/rafaelpraxedes/Liferay/sources/liferay-portal/modules/node_modules/jest-jasmine2/build/index.js:47:9)
    at /Users/rafaelpraxedes/Liferay/sources/liferay-portal/modules/node_modules/jest-jasmine2/build/index.js:52:7
    at new Promise (&lt;anonymous&gt;)
    at /Users/rafaelpraxedes/Liferay/sources/liferay-portal/modules/node_modules/jest-jasmine2/build/index.js:44:12
    at _jasmine (/Users/rafaelpraxedes/Liferay/sources/liferay-portal/modules/node_modules/jest-jasmine2/build/index.js:207:19)
    at jasmine2 (/Users/rafaelpraxedes/Liferay/sources/liferay-portal/modules/node_modules/jest-jasmine2/build/index.js:60:19)
    at /Users/rafaelpraxedes/Liferay/sources/liferay-portal/modules/node_modules/jest-runner/build/runTest.js:383:24
    at Generator.next (&lt;anonymous&gt;)
    at asyncGeneratorStep (/Users/rafaelpraxedes/Liferay/sources/liferay-portal/modules/node_modules/jest-runner/build/runTest.js:161:24)
    at _next (/Users/rafaelpraxedes/Liferay/sources/liferay-portal/modules/node_modules/jest-runner/build/runTest.js:181:9)
    at processTicksAndRejections (internal/process/task_queues.js:93:5)</failure>
  </testcase>
  <testcase classname=".Users.rafaelpraxedes.Liferay.sources.liferay-portal.modules.dxp.apps.portal-workflow.portal-workflow-metrics-web.test.components.process-metrics.workload-by-assignee-card" name="The workload by assignee body should be rendered with onTime tab active and with &quot;View All Steps&quot; button and total &quot;(1)&quot;" time="5.009">
    <failure message="TypeError: Cannot read property &apos;id&apos; of undefined">TypeError: Cannot read property &apos;id&apos; of undefined
    at id (/Users/rafaelpraxedes/Liferay/sources/liferay-portal/modules/dxp/apps/portal-workflow/portal-workflow-metrics-web/src/main/resources/META-INF/resources/js/components/process-metrics/workload-by-assignee-card/WorkloadByAssigneeCardTable.es.js:22:13)
    at renderWithHooks (/Users/rafaelpraxedes/Liferay/sources/liferay-portal/modules/node_modules/react-dom/cjs/react-dom.development.js:16260:18)
    at mountIndeterminateComponent (/Users/rafaelpraxedes/Liferay/sources/liferay-portal/modules/node_modules/react-dom/cjs/react-dom.development.js:18794:13)
    at beginWork$1 (/Users/rafaelpraxedes/Liferay/sources/liferay-portal/modules/node_modules/react-dom/cjs/react-dom.development.js:20162:16)
    at HTMLUnknownElement.callCallback (/Users/rafaelpraxedes/Liferay/sources/liferay-portal/modules/node_modules/react-dom/cjs/react-dom.development.js:336:14)
    at invokeEventListeners (/Users/rafaelpraxedes/Liferay/sources/liferay-portal/modules/node_modules/jsdom/lib/jsdom/living/events/EventTarget-impl.js:193:27)
    at HTMLUnknownElementImpl._dispatch (/Users/rafaelpraxedes/Liferay/sources/liferay-portal/modules/node_modules/jsdom/lib/jsdom/living/events/EventTarget-impl.js:119:9)
    at HTMLUnknownElementImpl.dispatchEvent (/Users/rafaelpraxedes/Liferay/sources/liferay-portal/modules/node_modules/jsdom/lib/jsdom/living/events/EventTarget-impl.js:82:17)
    at HTMLUnknownElementImpl.dispatchEvent (/Users/rafaelpraxedes/Liferay/sources/liferay-portal/modules/node_modules/jsdom/lib/jsdom/living/nodes/HTMLElement-impl.js:30:27)
    at HTMLUnknownElement.dispatchEvent (/Users/rafaelpraxedes/Liferay/sources/liferay-portal/modules/node_modules/jsdom/lib/jsdom/living/generated/EventTarget.js:157:21)
    at Object.invokeGuardedCallbackDev (/Users/rafaelpraxedes/Liferay/sources/liferay-portal/modules/node_modules/react-dom/cjs/react-dom.development.js:385:16)
    at invokeGuardedCallback (/Users/rafaelpraxedes/Liferay/sources/liferay-portal/modules/node_modules/react-dom/cjs/react-dom.development.js:440:31)
    at beginWork$$1 (/Users/rafaelpraxedes/Liferay/sources/liferay-portal/modules/node_modules/react-dom/cjs/react-dom.development.js:25780:7)
    at performUnitOfWork (/Users/rafaelpraxedes/Liferay/sources/liferay-portal/modules/node_modules/react-dom/cjs/react-dom.development.js:24698:12)
    at workLoopSync (/Users/rafaelpraxedes/Liferay/sources/liferay-portal/modules/node_modules/react-dom/cjs/react-dom.development.js:24671:22)
    at performSyncWorkOnRoot (/Users/rafaelpraxedes/Liferay/sources/liferay-portal/modules/node_modules/react-dom/cjs/react-dom.development.js:24270:11)
    at scheduleUpdateOnFiber (/Users/rafaelpraxedes/Liferay/sources/liferay-portal/modules/node_modules/react-dom/cjs/react-dom.development.js:23698:7)
    at updateContainer (/Users/rafaelpraxedes/Liferay/sources/liferay-portal/modules/node_modules/react-dom/cjs/react-dom.development.js:27103:3)
    at /Users/rafaelpraxedes/Liferay/sources/liferay-portal/modules/node_modules/react-dom/cjs/react-dom.development.js:27528:7
    at unbatchedUpdates (/Users/rafaelpraxedes/Liferay/sources/liferay-portal/modules/node_modules/react-dom/cjs/react-dom.development.js:24433:12)
    at legacyRenderSubtreeIntoContainer (/Users/rafaelpraxedes/Liferay/sources/liferay-portal/modules/node_modules/react-dom/cjs/react-dom.development.js:27527:5)
    at Object.render (/Users/rafaelpraxedes/Liferay/sources/liferay-portal/modules/node_modules/react-dom/cjs/react-dom.development.js:27608:10)
    at /Users/rafaelpraxedes/Liferay/sources/liferay-portal/modules/node_modules/@testing-library/react/dist/index.js:86:25
    at batchedUpdates$1 (/Users/rafaelpraxedes/Liferay/sources/liferay-portal/modules/node_modules/react-dom/cjs/react-dom.development.js:24386:12)
    at act (/Users/rafaelpraxedes/Liferay/sources/liferay-portal/modules/node_modules/react-dom/cjs/react-dom-test-utils.development.js:1092:14)
    at render (/Users/rafaelpraxedes/Liferay/sources/liferay-portal/modules/node_modules/@testing-library/react/dist/index.js:82:26)
    at Object.&lt;anonymous&gt; (/Users/rafaelpraxedes/Liferay/sources/liferay-portal/modules/dxp/apps/portal-workflow/portal-workflow-metrics-web/test/components/process-metrics/workload-by-assignee-card/WorkloadByAssigneeCardBody.es.js:119:25)
    at Object.asyncJestLifecycle (/Users/rafaelpraxedes/Liferay/sources/liferay-portal/modules/node_modules/jest-jasmine2/build/jasmineAsyncInstall.js:53:37)
    at /Users/rafaelpraxedes/Liferay/sources/liferay-portal/modules/node_modules/jest-jasmine2/build/queueRunner.js:43:12
    at new Promise (&lt;anonymous&gt;)
    at mapper (/Users/rafaelpraxedes/Liferay/sources/liferay-portal/modules/node_modules/jest-jasmine2/build/queueRunner.js:26:19)
    at /Users/rafaelpraxedes/Liferay/sources/liferay-portal/modules/node_modules/jest-jasmine2/build/queueRunner.js:73:41
Timeout - Async callback was not invoked within the 5000ms timeout specified by jest.setTimeout.Error: 
    at new Spec (/Users/rafaelpraxedes/Liferay/sources/liferay-portal/modules/node_modules/jest-jasmine2/build/jasmine/Spec.js:101:22)
    at new Spec (/Users/rafaelpraxedes/Liferay/sources/liferay-portal/modules/node_modules/jest-jasmine2/build/setup_jest_globals.js:80:9)
    at specFactory (/Users/rafaelpraxedes/Liferay/sources/liferay-portal/modules/node_modules/jest-jasmine2/build/jasmine/Env.js:496:22)
    at Env.it (/Users/rafaelpraxedes/Liferay/sources/liferay-portal/modules/node_modules/jest-jasmine2/build/jasmine/Env.js:565:22)
    at Env.it (/Users/rafaelpraxedes/Liferay/sources/liferay-portal/modules/node_modules/jest-jasmine2/build/jasmineAsyncInstall.js:132:23)
    at it (/Users/rafaelpraxedes/Liferay/sources/liferay-portal/modules/node_modules/jest-jasmine2/build/jasmine/jasmineLight.js:93:21)
    at Suite.test (/Users/rafaelpraxedes/Liferay/sources/liferay-portal/modules/dxp/apps/portal-workflow/portal-workflow-metrics-web/test/components/process-metrics/workload-by-assignee-card/WorkloadByAssigneeCardBody.es.js:139:3)
    at addSpecsToSuite (/Users/rafaelpraxedes/Liferay/sources/liferay-portal/modules/node_modules/jest-jasmine2/build/jasmine/Env.js:417:49)
    at Env.describe (/Users/rafaelpraxedes/Liferay/sources/liferay-portal/modules/node_modules/jest-jasmine2/build/jasmine/Env.js:387:9)
    at describe (/Users/rafaelpraxedes/Liferay/sources/liferay-portal/modules/node_modules/jest-jasmine2/build/jasmine/jasmineLight.js:81:18)
    at Suite.describe (/Users/rafaelpraxedes/Liferay/sources/liferay-portal/modules/dxp/apps/portal-workflow/portal-workflow-metrics-web/test/components/process-metrics/workload-by-assignee-card/WorkloadByAssigneeCardBody.es.js:117:2)
    at addSpecsToSuite (/Users/rafaelpraxedes/Liferay/sources/liferay-portal/modules/node_modules/jest-jasmine2/build/jasmine/Env.js:417:49)
    at Env.describe (/Users/rafaelpraxedes/Liferay/sources/liferay-portal/modules/node_modules/jest-jasmine2/build/jasmine/Env.js:387:9)
    at describe (/Users/rafaelpraxedes/Liferay/sources/liferay-portal/modules/node_modules/jest-jasmine2/build/jasmine/jasmineLight.js:81:18)
    at Object.describe (/Users/rafaelpraxedes/Liferay/sources/liferay-portal/modules/dxp/apps/portal-workflow/portal-workflow-metrics-web/test/components/process-metrics/workload-by-assignee-card/WorkloadByAssigneeCardBody.es.js:41:1)
    at Runtime._execModule (/Users/rafaelpraxedes/Liferay/sources/liferay-portal/modules/node_modules/jest-runtime/build/index.js:765:13)
    at Runtime.requireModule (/Users/rafaelpraxedes/Liferay/sources/liferay-portal/modules/node_modules/jest-runtime/build/index.js:361:14)
    at /Users/rafaelpraxedes/Liferay/sources/liferay-portal/modules/node_modules/jest-jasmine2/build/index.js:202:13
    at Generator.next (&lt;anonymous&gt;)
    at asyncGeneratorStep (/Users/rafaelpraxedes/Liferay/sources/liferay-portal/modules/node_modules/jest-jasmine2/build/index.js:27:24)
    at _next (/Users/rafaelpraxedes/Liferay/sources/liferay-portal/modules/node_modules/jest-jasmine2/build/index.js:47:9)
    at /Users/rafaelpraxedes/Liferay/sources/liferay-portal/modules/node_modules/jest-jasmine2/build/index.js:52:7
    at new Promise (&lt;anonymous&gt;)
    at /Users/rafaelpraxedes/Liferay/sources/liferay-portal/modules/node_modules/jest-jasmine2/build/index.js:44:12
    at _jasmine (/Users/rafaelpraxedes/Liferay/sources/liferay-portal/modules/node_modules/jest-jasmine2/build/index.js:207:19)
    at jasmine2 (/Users/rafaelpraxedes/Liferay/sources/liferay-portal/modules/node_modules/jest-jasmine2/build/index.js:60:19)
    at /Users/rafaelpraxedes/Liferay/sources/liferay-portal/modules/node_modules/jest-runner/build/runTest.js:383:24
    at Generator.next (&lt;anonymous&gt;)
    at asyncGeneratorStep (/Users/rafaelpraxedes/Liferay/sources/liferay-portal/modules/node_modules/jest-runner/build/runTest.js:161:24)
    at _next (/Users/rafaelpraxedes/Liferay/sources/liferay-portal/modules/node_modules/jest-runner/build/runTest.js:181:9)
    at processTicksAndRejections (internal/process/task_queues.js:93:5)</failure>
  </testcase>
  <testcase classname=".Users.rafaelpraxedes.Liferay.sources.liferay-portal.modules.dxp.apps.portal-workflow.portal-workflow-metrics-web.test.components.process-metrics.workload-by-assignee-card" name="The workload by assignee body should be rendered with overdue tab active and empty state Be rendered with a empty state" time="0.011">
  </testcase>
  <testcase classname=".Users.rafaelpraxedes.Liferay.sources.liferay-portal.modules.dxp.apps.portal-workflow.portal-workflow-metrics-web.test.components.process-metrics.workload-by-assignee-card" name="The workload by assignee body should be rendered with total tab active and empty state Be rendered with a empty state" time="0.001">
  </testcase>
  <testcase classname=".Users.rafaelpraxedes.Liferay.sources.liferay-portal.modules.dxp.apps.portal-workflow.portal-workflow-metrics-web.test.components.process-metrics.workload-by-assignee-card" name="The workload by assignee body should be rendered with onTime tab active and empty state Be rendered with a empty state" time="0.002">
  </testcase>
</testsuite>